#
# There is insufficient memory for the Java Runtime Environment to continue.
# Native memory allocation (mmap) failed to map 100663296 bytes for G1 virtual space
# Possible reasons:
#   The system is out of physical RAM or swap space
#   The process is running with CompressedOops enabled, and the Java Heap may be blocking the growth of the native heap
# Possible solutions:
#   Reduce memory load on the system
#   Increase physical memory or swap space
#   Check if swap backing store is full
#   Decrease Java heap size (-Xmx/-Xms)
#   Decrease number of Java threads
#   Decrease Java thread stack sizes (-Xss)
#   Set larger code cache with -XX:ReservedCodeCacheSize=
#   JVM is running with Zero Based Compressed Oops mode in which the Java heap is
#     placed in the first 32GB address space. The Java Heap base address is the
#     maximum limit for the native heap growth. Please use -XX:HeapBaseMinAddress
#     to set the Java Heap base and to place the Java Heap above 32GB virtual address.
# This output file may be truncated or incomplete.
#
#  Out of Memory Error (os_windows.cpp:3551), pid=10572, tid=15952
#
# JRE version: Java(TM) SE Runtime Environment (17.0.16+12) (build 17.0.16+12-LTS-247)
# Java VM: Java HotSpot(TM) 64-Bit Server VM (17.0.16+12-LTS-247, mixed mode, sharing, tiered, compressed oops, compressed class ptrs, g1 gc, windows-amd64)
# No core dump will be written. Minidumps are not enabled by default on client versions of Windows
#

---------------  S U M M A R Y ------------

Command Line: -Dapplication.home=C:\Program Files\Java\jdk-17 --add-modules=ALL-DEFAULT -Xms8m -Djdk.module.main=jdk.compiler jdk.compiler/com.sun.tools.javac.Main @C:\Users\ranshaw\AppData\Local\Temp\files16776906611762119672

Host: 11th Gen Intel(R) Core(TM) i7-1185G7 @ 3.00GHz, 8 cores, 15G,  Windows 11 , 64 bit Build 26100 (10.0.26100.6725)
Time: Tue Nov 18 18:36:08 2025 India Standard Time elapsed time: 9.359883 seconds (0d 0h 0m 9s)

---------------  T H R E A D  ---------------

Current thread (0x000002cc0f57bfa0):  VMThread "VM Thread" [stack: 0x000000d1faa00000,0x000000d1fab00000] [id=15952]

Stack: [0x000000d1faa00000,0x000000d1fab00000]
Native frames: (J=compiled Java code, j=interpreted, Vv=VM code, C=native code)
V  [jvm.dll+0x67a46a]
V  [jvm.dll+0x7da77d]
V  [jvm.dll+0x7dc0c3]
V  [jvm.dll+0x7dc733]
V  [jvm.dll+0x24523f]
V  [jvm.dll+0x677499]
V  [jvm.dll+0x66c122]
V  [jvm.dll+0x302156]
V  [jvm.dll+0x3096f6]
V  [jvm.dll+0x35a04e]
V  [jvm.dll+0x35a27f]
V  [jvm.dll+0x2d9228]
V  [jvm.dll+0x2d765d]
V  [jvm.dll+0x2d6cac]
V  [jvm.dll+0x31a80b]
V  [jvm.dll+0x7e102b]
V  [jvm.dll+0x7e1d64]
V  [jvm.dll+0x7e227d]
V  [jvm.dll+0x7e2654]
V  [jvm.dll+0x7e2720]
V  [jvm.dll+0x78b18a]
V  [jvm.dll+0x679355]
C  [ucrtbase.dll+0x37b0]
C  [KERNEL32.DLL+0x2e8d7]
C  [ntdll.dll+0x8c53c]

VM_Operation (0x000000d1fa4fe120): G1CollectForAllocation, mode: safepoint, requested by thread 0x000002cc6c51b9a0


---------------  P R O C E S S  ---------------

Threads class SMR info:
_java_thread_list=0x000002cc5551b350, length=14, elements={
0x000002cc6c51b9a0, 0x000002cc0f57e4a0, 0x000002cc0f57f9c0, 0x000002cc0f594c60,
0x000002cc0f596620, 0x000002cc0f598fe0, 0x000002cc0f59b9a0, 0x000002cc0f59c680,
0x000002cc0f59f740, 0x000002cc0f5a18e0, 0x000002cc0f7d7a40, 0x000002cc0f85cc70,
0x000002cc556ea890, 0x000002cc558ad6b0
}

Java Threads: ( => current thread )
  0x000002cc6c51b9a0 JavaThread "main" [_thread_blocked, id=33048, stack(0x000000d1fa400000,0x000000d1fa500000)]
  0x000002cc0f57e4a0 JavaThread "Reference Handler" daemon [_thread_blocked, id=38816, stack(0x000000d1fab00000,0x000000d1fac00000)]
  0x000002cc0f57f9c0 JavaThread "Finalizer" daemon [_thread_blocked, id=13836, stack(0x000000d1fac00000,0x000000d1fad00000)]
  0x000002cc0f594c60 JavaThread "Signal Dispatcher" daemon [_thread_blocked, id=24108, stack(0x000000d1fad00000,0x000000d1fae00000)]
  0x000002cc0f596620 JavaThread "Attach Listener" daemon [_thread_blocked, id=38128, stack(0x000000d1fae00000,0x000000d1faf00000)]
  0x000002cc0f598fe0 JavaThread "Service Thread" daemon [_thread_blocked, id=32348, stack(0x000000d1faf00000,0x000000d1fb000000)]
  0x000002cc0f59b9a0 JavaThread "Monitor Deflation Thread" daemon [_thread_blocked, id=36892, stack(0x000000d1fb000000,0x000000d1fb100000)]
  0x000002cc0f59c680 JavaThread "C2 CompilerThread0" daemon [_thread_blocked, id=36468, stack(0x000000d1fb100000,0x000000d1fb200000)]
  0x000002cc0f59f740 JavaThread "C1 CompilerThread0" daemon [_thread_blocked, id=31964, stack(0x000000d1fb200000,0x000000d1fb300000)]
  0x000002cc0f5a18e0 JavaThread "Sweeper thread" daemon [_thread_blocked, id=40160, stack(0x000000d1fb300000,0x000000d1fb400000)]
  0x000002cc0f7d7a40 JavaThread "Common-Cleaner" daemon [_thread_blocked, id=23304, stack(0x000000d1fb400000,0x000000d1fb500000)]
  0x000002cc0f85cc70 JavaThread "Notification Thread" daemon [_thread_blocked, id=16540, stack(0x000000d1fb600000,0x000000d1fb700000)]
  0x000002cc556ea890 JavaThread "C2 CompilerThread1" daemon [_thread_blocked, id=33932, stack(0x000000d1fbe00000,0x000000d1fbf00000)]
  0x000002cc558ad6b0 JavaThread "C2 CompilerThread2" daemon [_thread_blocked, id=14940, stack(0x000000d1fbf00000,0x000000d1fc000000)]

Other Threads:
=>0x000002cc0f57bfa0 VMThread "VM Thread" [stack: 0x000000d1faa00000,0x000000d1fab00000] [id=15952]
  0x000002cc6c5a0e20 WatcherThread [stack: 0x000000d1fb700000,0x000000d1fb800000] [id=27536]
  0x000002cc6c584170 GCTaskThread "GC Thread#0" [stack: 0x000000d1fa500000,0x000000d1fa600000] [id=40876]
  0x000002cc0f9e73f0 GCTaskThread "GC Thread#1" [stack: 0x000000d1fb800000,0x000000d1fb900000] [id=43256]
  0x000002cc0fa08d10 GCTaskThread "GC Thread#2" [stack: 0x000000d1fb900000,0x000000d1fba00000] [id=7744]
  0x000002cc0fa08fd0 GCTaskThread "GC Thread#3" [stack: 0x000000d1fba00000,0x000000d1fbb00000] [id=10876]
  0x000002cc55365590 GCTaskThread "GC Thread#4" [stack: 0x000000d1fb500000,0x000000d1fb600000] [id=24304]
  0x000002cc55365850 GCTaskThread "GC Thread#5" [stack: 0x000000d1fbb00000,0x000000d1fbc00000] [id=25780]
  0x000002cc55365b10 GCTaskThread "GC Thread#6" [stack: 0x000000d1fbc00000,0x000000d1fbd00000] [id=24928]
  0x000002cc556ed350 GCTaskThread "GC Thread#7" [stack: 0x000000d1fbd00000,0x000000d1fbe00000] [id=33992]
  0x000002cc6c594710 ConcurrentGCThread "G1 Main Marker" [stack: 0x000000d1fa600000,0x000000d1fa700000] [id=15280]
  0x000002cc6c595130 ConcurrentGCThread "G1 Conc#0" [stack: 0x000000d1fa700000,0x000000d1fa800000] [id=28616]
  0x000002cc569e8a20 ConcurrentGCThread "G1 Conc#1" [stack: 0x000000d1fc000000,0x000000d1fc100000] [id=2688]
  0x000002cc6c5c02c0 ConcurrentGCThread "G1 Refine#0" [stack: 0x000000d1fa800000,0x000000d1fa900000] [id=21868]
  0x000002cc6c5c2bb0 ConcurrentGCThread "G1 Service" [stack: 0x000000d1fa900000,0x000000d1faa00000] [id=39552]

Threads with active compile tasks:
C2 CompilerThread0     9444 1610       4       com.sun.tools.javac.parser.JavacParser::term2Rest (456 bytes)
C2 CompilerThread1     9444 1659       4       com.sun.tools.javac.parser.JavacParser::parseSimpleStatement (1256 bytes)
C2 CompilerThread2     9445 1642   !   4       com.sun.tools.javac.parser.JavaTokenizer::readToken (1731 bytes)

VM state: at safepoint (normal execution)

VM Mutex/Monitor currently owned by a thread:  ([mutex/lock_event])
[0x000002cc6c515e30] Threads_lock - owner thread: 0x000002cc0f57bfa0
[0x000002cc6c5166a0] Heap_lock - owner thread: 0x000002cc6c51b9a0

Heap address: 0x0000000709a00000, size: 3942 MB, Compressed Oops mode: Zero based, Oop shift amount: 3

CDS archive(s) mapped at: [0x000002cc10000000-0x000002cc10bd0000-0x000002cc10bd0000), size 12386304, SharedBaseAddress: 0x000002cc10000000, ArchiveRelocationMode: 1.
Compressed class space mapped at: 0x000002cc11000000-0x000002cc51000000, reserved size: 1073741824
Narrow klass base: 0x000002cc10000000, Narrow klass shift: 0, Narrow klass range: 0x100000000

GC Precious Log:
 CPUs: 8 total, 8 available
 Memory: 15761M
 Large Page Support: Disabled
 NUMA Support: Disabled
 Compressed Oops: Enabled (Zero based)
 Heap Region Size: 2M
 Heap Min Capacity: 8M
 Heap Initial Capacity: 8M
 Heap Max Capacity: 3942M
 Pre-touch: Disabled
 Parallel Workers: 8
 Concurrent Workers: 2
 Concurrent Refinement Workers: 8
 Periodic GC: Disabled

Heap:
 garbage-first heap   total 65536K, used 38072K [0x0000000709a00000, 0x0000000800000000)
  region size 2048K, 1 young (2048K), 1 survivors (2048K)
 Metaspace       used 8385K, committed 8640K, reserved 1114112K
  class space    used 907K, committed 1024K, reserved 1048576K

Heap Regions: E=young(eden), S=young(survivor), O=old, HS=humongous(starts), HC=humongous(continues), CS=collection set, F=free, OA=open archive, CA=closed archive, TAMS=top-at-mark-start (previous, next)
|   0|0x0000000709a00000, 0x0000000709c00000, 0x0000000709c00000|100%| O|  |TAMS 0x0000000709c00000, 0x0000000709c00000| Untracked 
|   1|0x0000000709c00000, 0x0000000709e00000, 0x0000000709e00000|100%| O|  |TAMS 0x0000000709e00000, 0x0000000709e00000| Untracked 
|   2|0x0000000709e00000, 0x000000070a000000, 0x000000070a000000|100%| O|  |TAMS 0x000000070a000000, 0x000000070a000000| Untracked 
|   3|0x000000070a000000, 0x000000070a200000, 0x000000070a200000|100%| O|  |TAMS 0x000000070a1c4600, 0x000000070a200000| Untracked 
|   4|0x000000070a200000, 0x000000070a400000, 0x000000070a400000|100%| O|  |TAMS 0x000000070a400000, 0x000000070a400000| Untracked 
|   5|0x000000070a400000, 0x000000070a600000, 0x000000070a600000|100%| O|  |TAMS 0x000000070a600000, 0x000000070a600000| Untracked 
|   6|0x000000070a600000, 0x000000070a800000, 0x000000070a800000|100%|HS|  |TAMS 0x000000070a800000, 0x000000070a800000| Complete 
|   7|0x000000070a800000, 0x000000070aa00000, 0x000000070aa00000|100%| O|  |TAMS 0x000000070aa00000, 0x000000070aa00000| Untracked 
|   8|0x000000070aa00000, 0x000000070ac00000, 0x000000070ac00000|100%| O|  |TAMS 0x000000070ac00000, 0x000000070ac00000| Untracked 
|   9|0x000000070ac00000, 0x000000070ae00000, 0x000000070ae00000|100%| O|  |TAMS 0x000000070ac00000, 0x000000070ae00000| Untracked 
|  10|0x000000070ae00000, 0x000000070b000000, 0x000000070b000000|100%| O|  |TAMS 0x000000070b000000, 0x000000070b000000| Untracked 
|  11|0x000000070b000000, 0x000000070b200000, 0x000000070b200000|100%| O|  |TAMS 0x000000070b000000, 0x000000070b200000| Untracked 
|  12|0x000000070b200000, 0x000000070b400000, 0x000000070b400000|100%| O|  |TAMS 0x000000070b400000, 0x000000070b400000| Untracked 
|  13|0x000000070b400000, 0x000000070b600000, 0x000000070b600000|100%| O|  |TAMS 0x000000070b600000, 0x000000070b600000| Untracked 
|  14|0x000000070b600000, 0x000000070b800000, 0x000000070b800000|100%| O|  |TAMS 0x000000070b800000, 0x000000070b800000| Untracked 
|  15|0x000000070b800000, 0x000000070b92e000, 0x000000070ba00000| 58%| O|  |TAMS 0x000000070b800000, 0x000000070b800000| Untracked 
|  16|0x000000070ba00000, 0x000000070bc00000, 0x000000070bc00000|100%| O|  |TAMS 0x000000070ba00000, 0x000000070bb44800| Untracked 
|  17|0x000000070bc00000, 0x000000070bc00000, 0x000000070be00000|  0%| F|  |TAMS 0x000000070bc00000, 0x000000070bc00000| Untracked 
|  18|0x000000070be00000, 0x000000070be00000, 0x000000070c000000|  0%| F|  |TAMS 0x000000070be00000, 0x000000070be00000| Untracked 
|  19|0x000000070c000000, 0x000000070c000000, 0x000000070c200000|  0%| F|  |TAMS 0x000000070c000000, 0x000000070c000000| Untracked 
|  20|0x000000070c200000, 0x000000070c200000, 0x000000070c400000|  0%| F|  |TAMS 0x000000070c200000, 0x000000070c200000| Untracked 
|  21|0x000000070c400000, 0x000000070c400000, 0x000000070c600000|  0%| F|  |TAMS 0x000000070c400000, 0x000000070c400000| Untracked 
|  22|0x000000070c600000, 0x000000070c600000, 0x000000070c800000|  0%| F|  |TAMS 0x000000070c600000, 0x000000070c600000| Untracked 
|  23|0x000000070c800000, 0x000000070c800000, 0x000000070ca00000|  0%| F|  |TAMS 0x000000070c800000, 0x000000070c800000| Untracked 
|  24|0x000000070ca00000, 0x000000070cc00000, 0x000000070cc00000|100%| S|CS|TAMS 0x000000070ca00000, 0x000000070ca00000| Complete 
|  25|0x000000070cc00000, 0x000000070cc00000, 0x000000070ce00000|  0%| F|  |TAMS 0x000000070cc00000, 0x000000070cc00000| Untracked 
|  26|0x000000070ce00000, 0x000000070ce00000, 0x000000070d000000|  0%| F|  |TAMS 0x000000070ce00000, 0x000000070ce00000| Untracked 
|  27|0x000000070d000000, 0x000000070d000000, 0x000000070d200000|  0%| F|  |TAMS 0x000000070d000000, 0x000000070d000000| Untracked 
|  28|0x000000070d200000, 0x000000070d200000, 0x000000070d400000|  0%| F|  |TAMS 0x000000070d200000, 0x000000070d200000| Untracked 
|  29|0x000000070d400000, 0x000000070d400000, 0x000000070d600000|  0%| F|  |TAMS 0x000000070d400000, 0x000000070d400000| Untracked 
|  30|0x000000070d600000, 0x000000070d600000, 0x000000070d800000|  0%| F|  |TAMS 0x000000070d600000, 0x000000070d600000| Untracked 
|1970|0x00000007ffe00000, 0x0000000800000000, 0x0000000800000000|100%| O|  |TAMS 0x0000000800000000, 0x0000000800000000| Untracked 

Card table byte_map: [0x000002cc75030000,0x000002cc757f0000] _byte_map_base: 0x000002cc717e3000

Marking Bits (Prev, Next): (CMBitMap*) 0x000002cc6c584790, (CMBitMap*) 0x000002cc6c5847d0
 Prev Bits: [0x000002cc75fb0000, 0x000002cc79d48000)
 Next Bits: [0x000002cc79d50000, 0x000002cc7dae8000)

Polling page: 0x000002cc6ad00000

Metaspace:

Usage:
  Non-class:      7.30 MB used.
      Class:    907.05 KB used.
       Both:      8.19 MB used.

Virtual space:
  Non-class space:       64.00 MB reserved,       7.44 MB ( 12%) committed,  1 nodes.
      Class space:        1.00 GB reserved,       1.00 MB ( <1%) committed,  1 nodes.
             Both:        1.06 GB reserved,       8.44 MB ( <1%) committed. 

Chunk freelists:
   Non-Class:  6.36 MB
       Class:  14.97 MB
        Both:  21.33 MB

MaxMetaspaceSize: unlimited
CompressedClassSpaceSize: 1.00 GB
Initial GC threshold: 21.00 MB
Current GC threshold: 21.00 MB
CDS: on
MetaspaceReclaimPolicy: balanced
 - commit_granule_bytes: 65536.
 - commit_granule_words: 8192.
 - virtual_space_node_default_size: 8388608.
 - enlarge_chunks_in_place: 1.
 - new_chunks_are_fully_committed: 0.
 - uncommit_free_chunks: 1.
 - use_allocation_guard: 0.
 - handle_deallocations: 1.


Internal statistics:

num_allocs_failed_limit: 0.
num_arena_births: 50.
num_arena_deaths: 0.
num_vsnodes_births: 2.
num_vsnodes_deaths: 0.
num_space_committed: 135.
num_space_uncommitted: 0.
num_chunks_returned_to_freelist: 0.
num_chunks_taken_from_freelist: 315.
num_chunk_merges: 0.
num_chunk_splits: 231.
num_chunks_enlarged: 184.
num_inconsistent_stats: 0.

CodeHeap 'non-profiled nmethods': size=120000Kb used=1221Kb max_used=1221Kb free=118778Kb
 bounds [0x000002cc07ad0000, 0x000002cc07d40000, 0x000002cc0f000000]
CodeHeap 'profiled nmethods': size=120000Kb used=3884Kb max_used=3884Kb free=116115Kb
 bounds [0x000002cc00000000, 0x000002cc003d0000, 0x000002cc07530000]
CodeHeap 'non-nmethods': size=5760Kb used=1144Kb max_used=1200Kb free=4615Kb
 bounds [0x000002cc07530000, 0x000002cc077a0000, 0x000002cc07ad0000]
 total_blobs=2073 nmethods=1658 adapters=328
 compilation: enabled
              stopped_count=0, restarted_count=0
 full_count=0

Compilation events (20 events):
Event: 7.302 Thread 0x000002cc556ea890 nmethod 1612 0x000002cc07bfee90 code [0x000002cc07bff100, 0x000002cc07c00420]
Event: 7.302 Thread 0x000002cc556ea890 1663       4       com.sun.tools.javac.parser.Scanner::ensureLookahead (39 bytes)
Event: 7.304 Thread 0x000002cc0f59f740 1667       3       com.sun.tools.javac.tree.JCTree$JCConditional::<init> (20 bytes)
Event: 7.304 Thread 0x000002cc0f59f740 nmethod 1667 0x000002cc003be310 code [0x000002cc003be4e0, 0x000002cc003be8f8]
Event: 7.306 Thread 0x000002cc0f59f740 1668       3       com.sun.tools.javac.parser.JavacParser::term3Rest (732 bytes)
Event: 7.310 Thread 0x000002cc556ea890 nmethod 1663 0x000002cc07c01010 code [0x000002cc07c011c0, 0x000002cc07c014d8]
Event: 7.310 Thread 0x000002cc556ea890 1659       4       com.sun.tools.javac.parser.JavacParser::parseSimpleStatement (1256 bytes)
Event: 7.312 Thread 0x000002cc0f59f740 nmethod 1668 0x000002cc003bea90 code [0x000002cc003bf280, 0x000002cc003c37f8]
Event: 7.315 Thread 0x000002cc0f59f740 1670       3       com.sun.tools.javac.parser.JavacParser::moreStatementExpressions (87 bytes)
Event: 7.317 Thread 0x000002cc0f59f740 nmethod 1670 0x000002cc003c5190 code [0x000002cc003c5460, 0x000002cc003c6328]
Event: 7.319 Thread 0x000002cc0f59f740 1671       3       java.io.FileDescriptor$1::getAppend (5 bytes)
Event: 7.320 Thread 0x000002cc0f59f740 nmethod 1671 0x000002cc003c6a90 code [0x000002cc003c6c20, 0x000002cc003c6d38]
Event: 7.321 Thread 0x000002cc0f59f740 1672       3       sun.nio.ch.ChannelInputStream::available (54 bytes)
Event: 7.321 Thread 0x000002cc0f59f740 nmethod 1672 0x000002cc003c6e10 code [0x000002cc003c7000, 0x000002cc003c7618]
Event: 7.321 Thread 0x000002cc0f59f740 1673   !   3       sun.nio.ch.FileChannelImpl::size (239 bytes)
Event: 7.323 Thread 0x000002cc0f59f740 nmethod 1673 0x000002cc003c7810 code [0x000002cc003c7ae0, 0x000002cc003c8a38]
Event: 7.323 Thread 0x000002cc0f59f740 1674       3       sun.nio.ch.FileDispatcherImpl::seek (6 bytes)
Event: 7.323 Thread 0x000002cc0f59f740 nmethod 1674 0x000002cc003c9210 code [0x000002cc003c93a0, 0x000002cc003c94e8]
Event: 7.323 Thread 0x000002cc0f59f740 1675   !   3       sun.nio.ch.FileChannelImpl::position (273 bytes)
Event: 7.325 Thread 0x000002cc0f59f740 nmethod 1675 0x000002cc003c9590 code [0x000002cc003c9880, 0x000002cc003ca9a8]

GC Heap History (20 events):
Event: 4.765 GC heap after
{Heap after GC invocations=20 (full 0):
 garbage-first heap   total 43008K, used 12708K [0x0000000709a00000, 0x0000000800000000)
  region size 2048K, 1 young (2048K), 1 survivors (2048K)
 Metaspace       used 8344K, committed 8512K, reserved 1114112K
  class space    used 906K, committed 1024K, reserved 1048576K
}
Event: 4.977 GC heap before
{Heap before GC invocations=20 (full 0):
 garbage-first heap   total 43008K, used 22948K [0x0000000709a00000, 0x0000000800000000)
  region size 2048K, 6 young (12288K), 1 survivors (2048K)
 Metaspace       used 8345K, committed 8512K, reserved 1114112K
  class space    used 906K, committed 1024K, reserved 1048576K
}
Event: 4.988 GC heap after
{Heap after GC invocations=21 (full 0):
 garbage-first heap   total 43008K, used 15190K [0x0000000709a00000, 0x0000000800000000)
  region size 2048K, 1 young (2048K), 1 survivors (2048K)
 Metaspace       used 8345K, committed 8512K, reserved 1114112K
  class space    used 906K, committed 1024K, reserved 1048576K
}
Event: 5.377 GC heap before
{Heap before GC invocations=21 (full 0):
 garbage-first heap   total 43008K, used 27478K [0x0000000709a00000, 0x0000000800000000)
  region size 2048K, 6 young (12288K), 1 survivors (2048K)
 Metaspace       used 8359K, committed 8512K, reserved 1114112K
  class space    used 907K, committed 1024K, reserved 1048576K
}
Event: 5.388 GC heap after
{Heap after GC invocations=22 (full 0):
 garbage-first heap   total 43008K, used 20824K [0x0000000709a00000, 0x0000000800000000)
  region size 2048K, 1 young (2048K), 1 survivors (2048K)
 Metaspace       used 8359K, committed 8512K, reserved 1114112K
  class space    used 907K, committed 1024K, reserved 1048576K
}
Event: 5.520 GC heap before
{Heap before GC invocations=22 (full 0):
 garbage-first heap   total 43008K, used 26968K [0x0000000709a00000, 0x0000000800000000)
  region size 2048K, 4 young (8192K), 1 survivors (2048K)
 Metaspace       used 8364K, committed 8576K, reserved 1114112K
  class space    used 907K, committed 1024K, reserved 1048576K
}
Event: 5.534 GC heap after
{Heap after GC invocations=23 (full 0):
 garbage-first heap   total 55296K, used 21891K [0x0000000709a00000, 0x0000000800000000)
  region size 2048K, 1 young (2048K), 1 survivors (2048K)
 Metaspace       used 8364K, committed 8576K, reserved 1114112K
  class space    used 907K, committed 1024K, reserved 1048576K
}
Event: 5.734 GC heap before
{Heap before GC invocations=24 (full 0):
 garbage-first heap   total 55296K, used 40323K [0x0000000709a00000, 0x0000000800000000)
  region size 2048K, 8 young (16384K), 1 survivors (2048K)
 Metaspace       used 8365K, committed 8576K, reserved 1114112K
  class space    used 907K, committed 1024K, reserved 1048576K
}
Event: 5.748 GC heap after
{Heap after GC invocations=25 (full 0):
 garbage-first heap   total 55296K, used 26772K [0x0000000709a00000, 0x0000000800000000)
  region size 2048K, 1 young (2048K), 1 survivors (2048K)
 Metaspace       used 8365K, committed 8576K, reserved 1114112K
  class space    used 907K, committed 1024K, reserved 1048576K
}
Event: 5.764 GC heap before
{Heap before GC invocations=25 (full 0):
 garbage-first heap   total 55296K, used 30868K [0x0000000709a00000, 0x0000000800000000)
  region size 2048K, 2 young (4096K), 1 survivors (2048K)
 Metaspace       used 8365K, committed 8576K, reserved 1114112K
  class space    used 907K, committed 1024K, reserved 1048576K
}
Event: 5.780 GC heap after
{Heap after GC invocations=26 (full 0):
 garbage-first heap   total 55296K, used 26617K [0x0000000709a00000, 0x0000000800000000)
  region size 2048K, 1 young (2048K), 1 survivors (2048K)
 Metaspace       used 8365K, committed 8576K, reserved 1114112K
  class space    used 907K, committed 1024K, reserved 1048576K
}
Event: 5.832 GC heap before
{Heap before GC invocations=26 (full 0):
 garbage-first heap   total 55296K, used 30713K [0x0000000709a00000, 0x0000000800000000)
  region size 2048K, 4 young (8192K), 1 survivors (2048K)
 Metaspace       used 8366K, committed 8576K, reserved 1114112K
  class space    used 907K, committed 1024K, reserved 1048576K
}
Event: 5.837 GC heap after
{Heap after GC invocations=27 (full 0):
 garbage-first heap   total 55296K, used 28927K [0x0000000709a00000, 0x0000000800000000)
  region size 2048K, 1 young (2048K), 1 survivors (2048K)
 Metaspace       used 8366K, committed 8576K, reserved 1114112K
  class space    used 907K, committed 1024K, reserved 1048576K
}
Event: 5.957 GC heap before
{Heap before GC invocations=28 (full 0):
 garbage-first heap   total 59392K, used 37119K [0x0000000709a00000, 0x0000000800000000)
  region size 2048K, 5 young (10240K), 1 survivors (2048K)
 Metaspace       used 8376K, committed 8576K, reserved 1114112K
  class space    used 907K, committed 1024K, reserved 1048576K
}
Event: 5.966 GC heap after
{Heap after GC invocations=29 (full 0):
 garbage-first heap   total 59392K, used 30481K [0x0000000709a00000, 0x0000000800000000)
  region size 2048K, 1 young (2048K), 1 survivors (2048K)
 Metaspace       used 8376K, committed 8576K, reserved 1114112K
  class space    used 907K, committed 1024K, reserved 1048576K
}
Event: 6.116 GC heap before
{Heap before GC invocations=29 (full 0):
 garbage-first heap   total 59392K, used 36625K [0x0000000709a00000, 0x0000000800000000)
  region size 2048K, 6 young (12288K), 1 survivors (2048K)
 Metaspace       used 8377K, committed 8576K, reserved 1114112K
  class space    used 907K, committed 1024K, reserved 1048576K
}
Event: 6.126 GC heap after
{Heap after GC invocations=30 (full 0):
 garbage-first heap   total 59392K, used 33572K [0x0000000709a00000, 0x0000000800000000)
  region size 2048K, 1 young (2048K), 1 survivors (2048K)
 Metaspace       used 8377K, committed 8576K, reserved 1114112K
  class space    used 907K, committed 1024K, reserved 1048576K
}
Event: 7.266 GC heap before
{Heap before GC invocations=31 (full 0):
 garbage-first heap   total 65536K, used 41764K [0x0000000709a00000, 0x0000000800000000)
  region size 2048K, 5 young (10240K), 1 survivors (2048K)
 Metaspace       used 8381K, committed 8640K, reserved 1114112K
  class space    used 907K, committed 1024K, reserved 1048576K
}
Event: 7.272 GC heap after
{Heap after GC invocations=32 (full 0):
 garbage-first heap   total 65536K, used 36114K [0x0000000709a00000, 0x0000000800000000)
  region size 2048K, 1 young (2048K), 1 survivors (2048K)
 Metaspace       used 8381K, committed 8640K, reserved 1114112K
  class space    used 907K, committed 1024K, reserved 1048576K
}
Event: 7.333 GC heap before
{Heap before GC invocations=32 (full 0):
 garbage-first heap   total 65536K, used 46354K [0x0000000709a00000, 0x0000000800000000)
  region size 2048K, 6 young (12288K), 1 survivors (2048K)
 Metaspace       used 8385K, committed 8640K, reserved 1114112K
  class space    used 907K, committed 1024K, reserved 1048576K
}

Deoptimization events (20 events):
Event: 5.940 Thread 0x000002cc6c51b9a0 DEOPT PACKING pc=0x000002cc07b7d130 sp=0x000000d1fa4fda60
Event: 5.940 Thread 0x000002cc6c51b9a0 DEOPT UNPACKING pc=0x000002cc07585ba3 sp=0x000000d1fa4fd9e8 mode 2
Event: 6.005 Thread 0x000002cc6c51b9a0 DEOPT PACKING pc=0x000002cc0035771c sp=0x000000d1fa4fe920
Event: 6.005 Thread 0x000002cc6c51b9a0 DEOPT UNPACKING pc=0x000002cc075866e3 sp=0x000000d1fa4fde90 mode 0
Event: 6.012 Thread 0x000002cc6c51b9a0 Uncommon trap: trap_request=0xffffff45 fr.pc=0x000002cc07bba2b4 relative=0x00000000000056b4
Event: 6.012 Thread 0x000002cc6c51b9a0 Uncommon trap: reason=unstable_if action=reinterpret pc=0x000002cc07bba2b4 method=java.lang.AbstractStringBuilder.isLatin1()Z @ 10 c2
Event: 6.012 Thread 0x000002cc6c51b9a0 DEOPT PACKING pc=0x000002cc07bba2b4 sp=0x000000d1fa4fda90
Event: 6.012 Thread 0x000002cc6c51b9a0 DEOPT UNPACKING pc=0x000002cc07585ba3 sp=0x000000d1fa4fd810 mode 2
Event: 6.012 Thread 0x000002cc6c51b9a0 Uncommon trap: trap_request=0xffffff45 fr.pc=0x000002cc07bac784 relative=0x0000000000002b04
Event: 6.012 Thread 0x000002cc6c51b9a0 Uncommon trap: reason=unstable_if action=reinterpret pc=0x000002cc07bac784 method=java.lang.AbstractStringBuilder.isLatin1()Z @ 10 c2
Event: 6.012 Thread 0x000002cc6c51b9a0 DEOPT PACKING pc=0x000002cc07bac784 sp=0x000000d1fa4fd950
Event: 6.012 Thread 0x000002cc6c51b9a0 DEOPT UNPACKING pc=0x000002cc07585ba3 sp=0x000000d1fa4fd6f0 mode 2
Event: 6.013 Thread 0x000002cc6c51b9a0 Uncommon trap: trap_request=0xffffff45 fr.pc=0x000002cc07ba6ef8 relative=0x0000000000001a58
Event: 6.013 Thread 0x000002cc6c51b9a0 Uncommon trap: reason=unstable_if action=reinterpret pc=0x000002cc07ba6ef8 method=java.lang.AbstractStringBuilder.isLatin1()Z @ 10 c2
Event: 6.013 Thread 0x000002cc6c51b9a0 DEOPT PACKING pc=0x000002cc07ba6ef8 sp=0x000000d1fa4fdc20
Event: 6.013 Thread 0x000002cc6c51b9a0 DEOPT UNPACKING pc=0x000002cc07585ba3 sp=0x000000d1fa4fda10 mode 2
Event: 7.305 Thread 0x000002cc6c51b9a0 Uncommon trap: trap_request=0xffffff45 fr.pc=0x000002cc07bc6ff4 relative=0x0000000000001a54
Event: 7.305 Thread 0x000002cc6c51b9a0 Uncommon trap: reason=unstable_if action=reinterpret pc=0x000002cc07bc6ff4 method=com.sun.tools.javac.parser.JavacParser.term3Rest(Lcom/sun/tools/javac/tree/JCTree$JCExpression;Lcom/sun/tools/javac/util/List;)Lcom/sun/tools/javac/tree/JCTree$JCExpression;
Event: 7.305 Thread 0x000002cc6c51b9a0 DEOPT PACKING pc=0x000002cc07bc6ff4 sp=0x000000d1fa4fce20
Event: 7.305 Thread 0x000002cc6c51b9a0 DEOPT UNPACKING pc=0x000002cc07585ba3 sp=0x000000d1fa4fcde8 mode 2

Classes unloaded (0 events):
No events

Classes redefined (0 events):
No events

Internal exceptions (20 events):
Event: 1.257 Thread 0x000002cc6c51b9a0 Exception <a 'sun/nio/fs/WindowsException'{0x000000070a1f20c8}> (0x000000070a1f20c8) 
thrown [s\open\src\hotspot\share\prims\jni.cpp, line 516]
Event: 1.258 Thread 0x000002cc6c51b9a0 Exception <a 'sun/nio/fs/WindowsException'{0x000000070a1f2528}> (0x000000070a1f2528) 
thrown [s\open\src\hotspot\share\prims\jni.cpp, line 516]
Event: 1.366 Thread 0x000002cc6c51b9a0 Exception <a 'sun/nio/fs/WindowsException'{0x000000070a0bd238}> (0x000000070a0bd238) 
thrown [s\open\src\hotspot\share\prims\jni.cpp, line 516]
Event: 1.366 Thread 0x000002cc6c51b9a0 Exception <a 'sun/nio/fs/WindowsException'{0x000000070a0bd698}> (0x000000070a0bd698) 
thrown [s\open\src\hotspot\share\prims\jni.cpp, line 516]
Event: 1.367 Thread 0x000002cc6c51b9a0 Exception <a 'sun/nio/fs/WindowsException'{0x000000070a0bdaf8}> (0x000000070a0bdaf8) 
thrown [s\open\src\hotspot\share\prims\jni.cpp, line 516]
Event: 1.804 Thread 0x000002cc6c51b9a0 Exception <a 'sun/nio/fs/WindowsException'{0x000000070a067458}> (0x000000070a067458) 
thrown [s\open\src\hotspot\share\prims\jni.cpp, line 516]
Event: 1.805 Thread 0x000002cc6c51b9a0 Exception <a 'sun/nio/fs/WindowsException'{0x000000070a067d38}> (0x000000070a067d38) 
thrown [s\open\src\hotspot\share\prims\jni.cpp, line 516]
Event: 1.806 Thread 0x000002cc6c51b9a0 Exception <a 'sun/nio/fs/WindowsException'{0x000000070a0686a8}> (0x000000070a0686a8) 
thrown [s\open\src\hotspot\share\prims\jni.cpp, line 516]
Event: 1.807 Thread 0x000002cc6c51b9a0 Exception <a 'sun/nio/fs/WindowsException'{0x000000070a069528}> (0x000000070a069528) 
thrown [s\open\src\hotspot\share\prims\jni.cpp, line 516]
Event: 1.807 Thread 0x000002cc6c51b9a0 Exception <a 'sun/nio/fs/WindowsException'{0x000000070a069928}> (0x000000070a069928) 
thrown [s\open\src\hotspot\share\prims\jni.cpp, line 516]
Event: 1.812 Thread 0x000002cc6c51b9a0 Exception <a 'sun/nio/fs/WindowsException'{0x000000070a06bc90}> (0x000000070a06bc90) 
thrown [s\open\src\hotspot\share\prims\jni.cpp, line 516]
Event: 1.812 Thread 0x000002cc6c51b9a0 Exception <a 'sun/nio/fs/WindowsException'{0x000000070a06bec0}> (0x000000070a06bec0) 
thrown [s\open\src\hotspot\share\prims\jni.cpp, line 516]
Event: 1.866 Thread 0x000002cc6c51b9a0 Exception <a 'java/lang/NoSuchMethodError'{0x000000070a0bf120}: 'int java.lang.invoke.DirectMethodHandle$Holder.invokeVirtual(java.lang.Object, java.lang.Object, java.lang.Object)'> (0x000000070a0bf120) 
thrown [s\open\src\hotspot\share\interpreter\linkResolver.cpp, line 759]
Event: 1.868 Thread 0x000002cc6c51b9a0 Exception <a 'java/lang/NoSuchMethodError'{0x000000070a0c5ac8}: 'void java.lang.invoke.DirectMethodHandle$Holder.invokeInterface(java.lang.Object, java.lang.Object, java.lang.Object)'> (0x000000070a0c5ac8) 
thrown [s\open\src\hotspot\share\interpreter\linkResolver.cpp, line 759]
Event: 2.058 Thread 0x000002cc6c51b9a0 Exception <a 'java/lang/NoSuchMethodError'{0x000000070a1d59e8}: 'int java.lang.invoke.DirectMethodHandle$Holder.invokeStaticInit(java.lang.Object, java.lang.Object)'> (0x000000070a1d59e8) 
thrown [s\open\src\hotspot\share\interpreter\linkResolver.cpp, line 759]
Event: 2.240 Thread 0x000002cc6c51b9a0 Exception <a 'java/lang/NoSuchMethodError'{0x000000070a072778}: 'int java.lang.invoke.DirectMethodHandle$Holder.invokeVirtual(java.lang.Object, java.lang.Object)'> (0x000000070a072778) 
thrown [s\open\src\hotspot\share\interpreter\linkResolver.cpp, line 759]
Event: 2.253 Thread 0x000002cc6c51b9a0 Exception <a 'java/lang/NoSuchMethodError'{0x000000070a09a438}: 'java.lang.Object java.lang.invoke.DirectMethodHandle$Holder.newInvokeSpecial(java.lang.Object, java.lang.Object, java.lang.Object, java.lang.Object, java.lang.Object)'> (0x000000070a09a438) 
thrown [s\open\src\hotspot\share\interpreter\linkResolver.cpp, line 759]
Event: 2.257 Thread 0x000002cc6c51b9a0 Exception <a 'java/lang/NoSuchMethodError'{0x000000070a0a8b90}: 'java.lang.Object java.lang.invoke.DirectMethodHandle$Holder.newInvokeSpecial(java.lang.Object, java.lang.Object, java.lang.Object, java.lang.Object, java.lang.Object, java.lang.Object)'> (0x000000070a0a8b90) 
thrown [s\open\src\hotspot\share\interpreter\linkResolver.cpp, line 759]
Event: 2.298 Thread 0x000002cc6c51b9a0 Exception <a 'java/lang/NoSuchMethodError'{0x000000070a0efba8}: 'java.lang.Object java.lang.invoke.DirectMethodHandle$Holder.invokeStaticInit(java.lang.Object)'> (0x000000070a0efba8) 
thrown [s\open\src\hotspot\share\interpreter\linkResolver.cpp, line 759]
Event: 4.211 Thread 0x000002cc6c51b9a0 Implicit null exception at 0x000002cc07b56cff to 0x000002cc07b55c28

VM Operations (20 events):
Event: 5.749 Executing VM operation: G1CollectForAllocation done
Event: 5.764 Executing VM operation: G1CollectForAllocation
Event: 5.780 Executing VM operation: G1CollectForAllocation done
Event: 5.832 Executing VM operation: G1TryInitiateConcMark
Event: 5.837 Executing VM operation: G1TryInitiateConcMark done
Event: 5.873 Executing VM operation: G1Concurrent
Event: 5.878 Executing VM operation: G1Concurrent done
Event: 5.898 Executing VM operation: G1Concurrent
Event: 5.898 Executing VM operation: G1Concurrent done
Event: 5.956 Executing VM operation: G1CollectForAllocation
Event: 5.966 Executing VM operation: G1CollectForAllocation done
Event: 6.116 Executing VM operation: G1TryInitiateConcMark
Event: 6.126 Executing VM operation: G1TryInitiateConcMark done
Event: 6.167 Executing VM operation: G1Concurrent
Event: 7.176 Executing VM operation: G1Concurrent done
Event: 7.197 Executing VM operation: G1Concurrent
Event: 7.199 Executing VM operation: G1Concurrent done
Event: 7.266 Executing VM operation: G1CollectForAllocation
Event: 7.272 Executing VM operation: G1CollectForAllocation done
Event: 7.333 Executing VM operation: G1CollectForAllocation

Events (20 events):
Event: 2.301 loading class jdk/internal/jrtfs/SystemImage$1
Event: 2.301 loading class jdk/internal/jrtfs/SystemImage$1 done
Event: 2.392 loading class java/net/URLClassLoader$3
Event: 2.392 loading class java/net/URLClassLoader$3 done
Event: 2.393 loading class java/net/URLClassLoader$3$1
Event: 2.401 loading class java/net/URLClassLoader$3$1 done
Event: 2.851 loading class java/util/Vector
Event: 2.851 loading class java/util/Vector done
Event: 2.928 loading class jdk/internal/loader/URLClassPath$FileLoader
Event: 2.929 loading class jdk/internal/loader/URLClassPath$FileLoader done
Event: 3.678 loading class java/util/ServiceConfigurationError
Event: 3.679 loading class java/util/ServiceConfigurationError done
Event: 3.679 loading class java/lang/UnsupportedClassVersionError
Event: 3.679 loading class java/lang/ClassFormatError
Event: 3.679 loading class java/lang/ClassFormatError done
Event: 3.679 loading class java/lang/UnsupportedClassVersionError done
Event: 3.822 Thread 0x000002cc556ea890 Thread added: 0x000002cc556ea890
Event: 3.902 Thread 0x000002cc558ad6b0 Thread added: 0x000002cc558ad6b0
Event: 4.214 loading class jdk/internal/math/FloatingDecimal$ASCIIToBinaryBuffer
Event: 4.214 loading class jdk/internal/math/FloatingDecimal$ASCIIToBinaryBuffer done


Dynamic libraries:
0x00007ff6916d0000 - 0x00007ff6916d8000 	C:\Program Files\Java\jdk-17\bin\javac.exe
0x00007ff9b5660000 - 0x00007ff9b58c8000 	C:\WINDOWS\SYSTEM32\ntdll.dll
0x00007ff9b4650000 - 0x00007ff9b4719000 	C:\WINDOWS\System32\KERNEL32.DLL
0x00007ff9b27f0000 - 0x00007ff9b2be2000 	C:\WINDOWS\System32\KERNELBASE.dll
0x00007ff9b2cb0000 - 0x00007ff9b2dfb000 	C:\WINDOWS\System32\ucrtbase.dll
0x00007ff9936f0000 - 0x00007ff99370b000 	C:\Program Files\Java\jdk-17\bin\VCRUNTIME140.dll
0x00007ff992060000 - 0x00007ff992079000 	C:\Program Files\Java\jdk-17\bin\jli.dll
0x00007ff9b3430000 - 0x00007ff9b34e4000 	C:\WINDOWS\System32\ADVAPI32.dll
0x00007ff9b4140000 - 0x00007ff9b41e9000 	C:\WINDOWS\System32\msvcrt.dll
0x00007ff9b3a20000 - 0x00007ff9b3ac6000 	C:\WINDOWS\System32\sechost.dll
0x00007ff9b5320000 - 0x00007ff9b5438000 	C:\WINDOWS\System32\RPCRT4.dll
0x00007ff9b3570000 - 0x00007ff9b3735000 	C:\WINDOWS\System32\USER32.dll
0x00007ff995230000 - 0x00007ff9954c3000 	C:\WINDOWS\WinSxS\amd64_microsoft.windows.common-controls_6595b64144ccf1df_6.0.26100.6899_none_3e0efeeae32e88c1\COMCTL32.dll
0x00007ff9b2eb0000 - 0x00007ff9b2ed7000 	C:\WINDOWS\System32\win32u.dll
0x00007ff9b5280000 - 0x00007ff9b52ab000 	C:\WINDOWS\System32\GDI32.dll
0x00007ff9b3300000 - 0x00007ff9b342d000 	C:\WINDOWS\System32\gdi32full.dll
0x00007ff99d8d0000 - 0x00007ff99d8db000 	C:\WINDOWS\SYSTEM32\VERSION.dll
0x00007ff9b2e00000 - 0x00007ff9b2ea3000 	C:\WINDOWS\System32\msvcp_win.dll
0x00007ff9b50a0000 - 0x00007ff9b50cf000 	C:\WINDOWS\System32\IMM32.DLL
0x00007ff9b24d0000 - 0x00007ff9b2625000 	C:\Program Files\Avecto\Privilege Guard Client\PGHook.dll
0x00007ff993fa0000 - 0x00007ff993fac000 	C:\Program Files\Java\jdk-17\bin\vcruntime140_1.dll
0x00007ff950f00000 - 0x00007ff950f8e000 	C:\Program Files\Java\jdk-17\bin\msvcp140.dll
0x00007ff8d1240000 - 0x00007ff8d1e21000 	C:\Program Files\Java\jdk-17\bin\server\jvm.dll
0x00007ff9b3740000 - 0x00007ff9b3748000 	C:\WINDOWS\System32\PSAPI.DLL
0x00007ff98c210000 - 0x00007ff98c21a000 	C:\WINDOWS\SYSTEM32\WSOCK32.dll
0x00007ff9b39a0000 - 0x00007ff9b3a14000 	C:\WINDOWS\System32\WS2_32.dll
0x00007ff9a5320000 - 0x00007ff9a5355000 	C:\WINDOWS\SYSTEM32\WINMM.dll
0x00007ff9b12f0000 - 0x00007ff9b130b000 	C:\WINDOWS\SYSTEM32\kernel.appcore.dll
0x00007ff9924d0000 - 0x00007ff9924da000 	C:\Program Files\Java\jdk-17\bin\jimage.dll
0x00007ff9af9a0000 - 0x00007ff9afbe2000 	C:\WINDOWS\SYSTEM32\DBGHELP.DLL
0x00007ff9b41f0000 - 0x00007ff9b456b000 	C:\WINDOWS\System32\combase.dll
0x00007ff9b4570000 - 0x00007ff9b4647000 	C:\WINDOWS\System32\OLEAUT32.dll
0x00007ff990820000 - 0x00007ff99085c000 	C:\WINDOWS\SYSTEM32\dbgcore.DLL
0x00007ff9b2ee0000 - 0x00007ff9b2f78000 	C:\WINDOWS\System32\bcryptPrimitives.dll
0x00007ff97b180000 - 0x00007ff97b1a5000 	C:\Program Files\Java\jdk-17\bin\java.dll
0x00007ff958f00000 - 0x00007ff958fd7000 	C:\Program Files\Java\jdk-17\bin\jsvml.dll
0x00007ff9b4740000 - 0x00007ff9b4e8d000 	C:\WINDOWS\System32\SHELL32.dll
0x00007ff9b3010000 - 0x00007ff9b317b000 	C:\WINDOWS\System32\wintypes.dll
0x00007ff9b00b0000 - 0x00007ff9b090d000 	C:\WINDOWS\SYSTEM32\windows.storage.dll
0x00007ff9b50e0000 - 0x00007ff9b51d2000 	C:\WINDOWS\System32\SHCORE.dll
0x00007ff9b52b0000 - 0x00007ff9b5312000 	C:\WINDOWS\System32\shlwapi.dll
0x00007ff9b2710000 - 0x00007ff9b2739000 	C:\WINDOWS\SYSTEM32\profapi.dll
0x00007ff9923f0000 - 0x00007ff992409000 	C:\Program Files\Java\jdk-17\bin\net.dll
0x00007ff9b1310000 - 0x00007ff9b142f000 	C:\WINDOWS\SYSTEM32\WINHTTP.dll
0x00007ff9b1970000 - 0x00007ff9b19db000 	C:\WINDOWS\system32\mswsock.dll
0x00007ff97c6c0000 - 0x00007ff97c6d6000 	C:\Program Files\Java\jdk-17\bin\nio.dll
0x00007ff97b860000 - 0x00007ff97b878000 	C:\Program Files\Java\jdk-17\bin\zip.dll

dbghelp: loaded successfully - version: 4.0.5 - missing functions: none
symbol engine: initialized successfully - sym options: 0x614 - pdb path: .;C:\Program Files\Java\jdk-17\bin;C:\WINDOWS\SYSTEM32;C:\WINDOWS\WinSxS\amd64_microsoft.windows.common-controls_6595b64144ccf1df_6.0.26100.6899_none_3e0efeeae32e88c1;C:\Program Files\Avecto\Privilege Guard Client;C:\Program Files\Java\jdk-17\bin\server

VM Arguments:
jvm_args: -Dapplication.home=C:\Program Files\Java\jdk-17 --add-modules=ALL-DEFAULT -Xms8m -Djdk.module.main=jdk.compiler 
java_command: jdk.compiler/com.sun.tools.javac.Main @C:\Users\ranshaw\AppData\Local\Temp\files16776906611762119672
java_class_path (initial): <not set>
Launcher Type: SUN_STANDARD

[Global flags]
     intx CICompilerCount                          = 4                                         {product} {ergonomic}
     uint ConcGCThreads                            = 2                                         {product} {ergonomic}
     uint G1ConcRefinementThreads                  = 8                                         {product} {ergonomic}
   size_t G1HeapRegionSize                         = 2097152                                   {product} {ergonomic}
    uintx GCDrainStackTargetSize                   = 64                                        {product} {ergonomic}
   size_t InitialHeapSize                          = 8388608                                   {product} {command line}
   size_t MarkStackSize                            = 4194304                                   {product} {ergonomic}
   size_t MaxHeapSize                              = 4133486592                                {product} {ergonomic}
   size_t MaxNewSize                               = 2478833664                                {product} {ergonomic}
   size_t MinHeapDeltaBytes                        = 2097152                                   {product} {ergonomic}
   size_t MinHeapSize                              = 8388608                                   {product} {command line}
    uintx NonNMethodCodeHeapSize                   = 5839372                                {pd product} {ergonomic}
    uintx NonProfiledCodeHeapSize                  = 122909434                              {pd product} {ergonomic}
    uintx ProfiledCodeHeapSize                     = 122909434                              {pd product} {ergonomic}
    uintx ReservedCodeCacheSize                    = 251658240                              {pd product} {ergonomic}
     bool SegmentedCodeCache                       = true                                      {product} {ergonomic}
   size_t SoftMaxHeapSize                          = 4133486592                             {manageable} {ergonomic}
     bool UseCompressedClassPointers               = true                           {product lp64_product} {ergonomic}
     bool UseCompressedOops                        = true                           {product lp64_product} {ergonomic}
     bool UseG1GC                                  = true                                      {product} {ergonomic}
     bool UseLargePagesIndividualAllocation        = false                                  {pd product} {ergonomic}

Logging:
Log output configuration:
 #0: stdout all=warning uptime,level,tags
 #1: stderr all=off uptime,level,tags

Environment Variables:
JAVA_HOME=C:\Program Files\Java\jdk-17
PATH=C:\Program Files\Common Files\Oracle\Java\javapath;C:\Program Files\OpenLogic\jre-17.0.5.8-hotspot\bin;C:\Program Files\Java\jdk-17\bin;C:\WINDOWS\system32;C:\WINDOWS;C:\WINDOWS\System32\Wbem;C:\WINDOWS\System32\WindowsPowerShell\v1.0\;C:\WINDOWS\System32\OpenSSH\;C:\Program Files\dotnet\;C:\Program Files\TortoiseGit\bin;C:\Program Files\Redis;C:\Program Files\PuTTY\;C:\Program Files\Amazon\AWSCLIV2\;C:\Program Files\nodejs\;C:\Program Files\Git\cmd;C:\Program Files (x86)\dotnet-core-uninstall\;C:\Program Files\Microsoft VS Code\bin;C:\Program Files\MySQL\MySQL Shell 8.0\bin\;C:\Users\ranshaw\AppData\Local\Microsoft\WindowsApps;C:\Program Files\Redis;C:\Users\ranshaw\AppData\Local\Programs\Microsoft VS Code\bin;C:\Users\ranshaw\AppData\Roaming\npm;C:\Program Files\Java\jdk-17\bin;C:\Users\ranshaw\Downloads\sonar-scanner-cli-6.2.1.4610-windows-x64\sonar-scanner-6.2.1.4610-windows-x64\bin;
USERNAME=ranshaw
OS=Windows_NT
PROCESSOR_IDENTIFIER=Intel64 Family 6 Model 140 Stepping 1, GenuineIntel



---------------  S Y S T E M  ---------------

OS:
 Windows 11 , 64 bit Build 26100 (10.0.26100.6725)
OS uptime: 1 days 5:49 hours
Hyper-V role detected

CPU: total 8 (initial active 8) (4 cores per cpu, 2 threads per core) family 6 model 140 stepping 1 microcode 0xbc, cx8, cmov, fxsr, ht, mmx, 3dnowpref, sse, sse2, sse3, ssse3, sse4.1, sse4.2, popcnt, lzcnt, tsc, tscinvbit, avx, avx2, aes, erms, clmul, bmi1, bmi2, adx, avx512f, avx512dq, avx512cd, avx512bw, avx512vl, sha, fma, vzeroupper, avx512_vpopcntdq, avx512_vpclmulqdq, avx512_vaes, avx512_vnni, clflush, clflushopt, clwb, avx512_vbmi2, avx512_vbmi, hv

Memory: 4k page, system-wide physical 15761M (2283M free)
TotalPageFile size 45889M (AvailPageFile size 17M)
current process WorkingSet (physical memory assigned to process): 164M, peak: 168M
current process commit charge ("private bytes"): 193M, peak: 292M

vm_info: Java HotSpot(TM) 64-Bit Server VM (17.0.16+12-LTS-247) for windows-amd64 JRE (17.0.16+12-LTS-247), built on Jun 27 2025 10:11:42 by "mach5one" with MS VC++ 17.6 (VS2022)

END.
