#
# There is insufficient memory for the Java Runtime Environment to continue.
# Native memory allocation (mmap) failed to map 37748736 bytes for G1 virtual space
# Possible reasons:
#   The system is out of physical RAM or swap space
#   The process is running with CompressedOops enabled, and the Java Heap may be blocking the growth of the native heap
# Possible solutions:
#   Reduce memory load on the system
#   Increase physical memory or swap space
#   Check if swap backing store is full
#   Decrease Java heap size (-Xmx/-Xms)
#   Decrease number of Java threads
#   Decrease Java thread stack sizes (-Xss)
#   Set larger code cache with -XX:ReservedCodeCacheSize=
#   JVM is running with Zero Based Compressed Oops mode in which the Java heap is
#     placed in the first 32GB address space. The Java Heap base address is the
#     maximum limit for the native heap growth. Please use -XX:HeapBaseMinAddress
#     to set the Java Heap base and to place the Java Heap above 32GB virtual address.
# This output file may be truncated or incomplete.
#
#  Out of Memory Error (os_windows.cpp:3551), pid=40920, tid=15444
#
# JRE version: Java(TM) SE Runtime Environment (17.0.16+12) (build 17.0.16+12-LTS-247)
# Java VM: Java HotSpot(TM) 64-Bit Server VM (17.0.16+12-LTS-247, mixed mode, sharing, tiered, compressed oops, compressed class ptrs, g1 gc, windows-amd64)
# No core dump will be written. Minidumps are not enabled by default on client versions of Windows
#

---------------  S U M M A R Y ------------

Command Line: -Dapplication.home=C:\Program Files\Java\jdk-17 --add-modules=ALL-DEFAULT -Xms8m -Djdk.module.main=jdk.compiler jdk.compiler/com.sun.tools.javac.Main @C:\Users\ranshaw\AppData\Local\Temp\files12392572987159274038

Host: 11th Gen Intel(R) Core(TM) i7-1185G7 @ 3.00GHz, 8 cores, 15G,  Windows 11 , 64 bit Build 26100 (10.0.26100.6725)
Time: Tue Nov 18 18:35:27 2025 India Standard Time elapsed time: 2.764339 seconds (0d 0h 0m 2s)

---------------  T H R E A D  ---------------

Current thread (0x000001f4f9989d10):  VMThread "VM Thread" [stack: 0x0000004541c00000,0x0000004541d00000] [id=15444]

Stack: [0x0000004541c00000,0x0000004541d00000]
Native frames: (J=compiled Java code, j=interpreted, Vv=VM code, C=native code)
V  [jvm.dll+0x67a46a]
V  [jvm.dll+0x7da77d]
V  [jvm.dll+0x7dc0c3]
V  [jvm.dll+0x7dc733]
V  [jvm.dll+0x24523f]
V  [jvm.dll+0x677499]
V  [jvm.dll+0x66c122]
V  [jvm.dll+0x302156]
V  [jvm.dll+0x3096f6]
V  [jvm.dll+0x35a04e]
V  [jvm.dll+0x35a27f]
V  [jvm.dll+0x2d9228]
V  [jvm.dll+0x2d765d]
V  [jvm.dll+0x2d6cac]
V  [jvm.dll+0x31ab31]
V  [jvm.dll+0x7e102b]
V  [jvm.dll+0x7e1d64]
V  [jvm.dll+0x7e227d]
V  [jvm.dll+0x7e2654]
V  [jvm.dll+0x7e2720]
V  [jvm.dll+0x78b18a]
V  [jvm.dll+0x679355]
C  [ucrtbase.dll+0x37b0]
C  [KERNEL32.DLL+0x2e8d7]
C  [ntdll.dll+0x8c53c]

VM_Operation (0x00000045416fe978): G1TryInitiateConcMark, mode: safepoint, requested by thread 0x000001f4d765b9a0


---------------  P R O C E S S  ---------------

Threads class SMR info:
_java_thread_list=0x000001f4feee3fa0, length=14, elements={
0x000001f4d765b9a0, 0x000001f4f998b980, 0x000001f4f998c240, 0x000001f4f99a0980,
0x000001f4f99a1240, 0x000001f4f99a1b00, 0x000001f4f99a2790, 0x000001f4f99ae830,
0x000001f4f99c6b60, 0x000001f4f99caf10, 0x000001f4d77153c0, 0x000001f4fe223ac0,
0x000001f4f99ca310, 0x000001f4f99c7a90
}

Java Threads: ( => current thread )
  0x000001f4d765b9a0 JavaThread "main" [_thread_blocked, id=12412, stack(0x0000004541600000,0x0000004541700000)]
  0x000001f4f998b980 JavaThread "Reference Handler" daemon [_thread_blocked, id=1628, stack(0x0000004541d00000,0x0000004541e00000)]
  0x000001f4f998c240 JavaThread "Finalizer" daemon [_thread_blocked, id=23548, stack(0x0000004541e00000,0x0000004541f00000)]
  0x000001f4f99a0980 JavaThread "Signal Dispatcher" daemon [_thread_blocked, id=18336, stack(0x0000004541f00000,0x0000004542000000)]
  0x000001f4f99a1240 JavaThread "Attach Listener" daemon [_thread_blocked, id=42940, stack(0x0000004542000000,0x0000004542100000)]
  0x000001f4f99a1b00 JavaThread "Service Thread" daemon [_thread_blocked, id=35560, stack(0x0000004542100000,0x0000004542200000)]
  0x000001f4f99a2790 JavaThread "Monitor Deflation Thread" daemon [_thread_blocked, id=36960, stack(0x0000004542200000,0x0000004542300000)]
  0x000001f4f99ae830 JavaThread "C2 CompilerThread0" daemon [_thread_blocked, id=28812, stack(0x0000004542300000,0x0000004542400000)]
  0x000001f4f99c6b60 JavaThread "C1 CompilerThread0" daemon [_thread_blocked, id=38836, stack(0x0000004542400000,0x0000004542500000)]
  0x000001f4f99caf10 JavaThread "Sweeper thread" daemon [_thread_blocked, id=39388, stack(0x0000004542500000,0x0000004542600000)]
  0x000001f4d77153c0 JavaThread "Common-Cleaner" daemon [_thread_blocked, id=4372, stack(0x0000004542600000,0x0000004542700000)]
  0x000001f4fe223ac0 JavaThread "Notification Thread" daemon [_thread_blocked, id=9048, stack(0x0000004542700000,0x0000004542800000)]
  0x000001f4f99ca310 JavaThread "C2 CompilerThread1" daemon [_thread_blocked, id=17276, stack(0x0000004542c00000,0x0000004542d00000)]
  0x000001f4f99c7a90 JavaThread "C2 CompilerThread2" daemon [_thread_blocked, id=10052, stack(0x0000004543200000,0x0000004543300000)]

Other Threads:
=>0x000001f4f9989d10 VMThread "VM Thread" [stack: 0x0000004541c00000,0x0000004541d00000] [id=15444]
  0x000001f4d76ed5a0 WatcherThread [stack: 0x0000004542800000,0x0000004542900000] [id=6028]
  0x000001f4d76c5be0 GCTaskThread "GC Thread#0" [stack: 0x0000004541700000,0x0000004541800000] [id=43244]
  0x000001f4fe376480 GCTaskThread "GC Thread#1" [stack: 0x0000004542900000,0x0000004542a00000] [id=37268]
  0x000001f4fe383d30 GCTaskThread "GC Thread#2" [stack: 0x0000004542a00000,0x0000004542b00000] [id=5532]
  0x000001f4fe383ff0 GCTaskThread "GC Thread#3" [stack: 0x0000004542b00000,0x0000004542c00000] [id=14916]
  0x000001f4fe7e6640 GCTaskThread "GC Thread#4" [stack: 0x0000004542e00000,0x0000004542f00000] [id=27152]
  0x000001f4fe7e6900 GCTaskThread "GC Thread#5" [stack: 0x0000004542f00000,0x0000004543000000] [id=35660]
  0x000001f4fe5ef910 GCTaskThread "GC Thread#6" [stack: 0x0000004543000000,0x0000004543100000] [id=38604]
  0x000001f4febb0c20 GCTaskThread "GC Thread#7" [stack: 0x0000004543100000,0x0000004543200000] [id=28004]
  0x000001f4d76d6090 ConcurrentGCThread "G1 Main Marker" [stack: 0x0000004541800000,0x0000004541900000] [id=17768]
  0x000001f4d76d88c0 ConcurrentGCThread "G1 Conc#0" [stack: 0x0000004541900000,0x0000004541a00000] [id=20148]
  0x000001f4fee8ebc0 ConcurrentGCThread "G1 Conc#1" [stack: 0x0000004542d00000,0x0000004542e00000] [id=1920]
  0x000001f4f9863c70 ConcurrentGCThread "G1 Refine#0" [stack: 0x0000004541a00000,0x0000004541b00000] [id=37532]
  0x000001f4d76fb270 ConcurrentGCThread "G1 Service" [stack: 0x0000004541b00000,0x0000004541c00000] [id=18916]

Threads with active compile tasks:
C2 CompilerThread0     2818 1532       4       com.sun.tools.javac.parser.JavaTokenizer::scanString (200 bytes)
C1 CompilerThread0     2818 1549       3       com.sun.tools.javac.parser.JavacParser::formalParameter (182 bytes)
C2 CompilerThread1     2818 1545       4       com.sun.tools.javac.parser.JavacParser::term3Rest (732 bytes)
C2 CompilerThread2     2818 1539       4       com.sun.tools.javac.parser.JavacParser::term3 (2724 bytes)

VM state: at safepoint (normal execution)

VM Mutex/Monitor currently owned by a thread:  ([mutex/lock_event])
[0x000001f4d7656cd0] Threads_lock - owner thread: 0x000001f4f9989d10
[0x000001f4d7655c80] Heap_lock - owner thread: 0x000001f4d765b9a0

Heap address: 0x0000000709a00000, size: 3942 MB, Compressed Oops mode: Zero based, Oop shift amount: 3

CDS archive(s) mapped at: [0x000001f480000000-0x000001f480bd0000-0x000001f480bd0000), size 12386304, SharedBaseAddress: 0x000001f480000000, ArchiveRelocationMode: 1.
Compressed class space mapped at: 0x000001f481000000-0x000001f4c1000000, reserved size: 1073741824
Narrow klass base: 0x000001f480000000, Narrow klass shift: 0, Narrow klass range: 0x100000000

GC Precious Log:
 CPUs: 8 total, 8 available
 Memory: 15761M
 Large Page Support: Disabled
 NUMA Support: Disabled
 Compressed Oops: Enabled (Zero based)
 Heap Region Size: 2M
 Heap Min Capacity: 8M
 Heap Initial Capacity: 8M
 Heap Max Capacity: 3942M
 Pre-touch: Disabled
 Parallel Workers: 8
 Concurrent Workers: 2
 Concurrent Refinement Workers: 8
 Periodic GC: Disabled

Heap:
 garbage-first heap   total 45056K, used 22936K [0x0000000709a00000, 0x0000000800000000)
  region size 2048K, 1 young (2048K), 1 survivors (2048K)
 Metaspace       used 8356K, committed 8512K, reserved 1114112K
  class space    used 906K, committed 1024K, reserved 1048576K

Heap Regions: E=young(eden), S=young(survivor), O=old, HS=humongous(starts), HC=humongous(continues), CS=collection set, F=free, OA=open archive, CA=closed archive, TAMS=top-at-mark-start (previous, next)
|   0|0x0000000709a00000, 0x0000000709c00000, 0x0000000709c00000|100%| O|  |TAMS 0x0000000709c00000, 0x0000000709c00000| Untracked 
|   1|0x0000000709c00000, 0x0000000709e00000, 0x0000000709e00000|100%| O|  |TAMS 0x0000000709e00000, 0x0000000709e00000| Untracked 
|   2|0x0000000709e00000, 0x000000070a000000, 0x000000070a000000|100%| O|  |TAMS 0x0000000709f13200, 0x000000070a000000| Untracked 
|   3|0x000000070a000000, 0x000000070a200000, 0x000000070a200000|100%| O|  |TAMS 0x000000070a000000, 0x000000070a200000| Untracked 
|   4|0x000000070a200000, 0x000000070a400000, 0x000000070a400000|100%| O|  |TAMS 0x000000070a200000, 0x000000070a400000| Untracked 
|   5|0x000000070a400000, 0x000000070a600000, 0x000000070a600000|100%| O|  |TAMS 0x000000070a400000, 0x000000070a600000| Untracked 
|   6|0x000000070a600000, 0x000000070a800000, 0x000000070a800000|100%|HS|  |TAMS 0x000000070a600000, 0x000000070a800000| Complete 
|   7|0x000000070a800000, 0x000000070aa00000, 0x000000070aa00000|100%| O|  |TAMS 0x000000070a800000, 0x000000070aa00000| Untracked 
|   8|0x000000070aa00000, 0x000000070ac00000, 0x000000070ac00000|100%| O|  |TAMS 0x000000070aa00000, 0x000000070ac00000| Untracked 
|   9|0x000000070ac00000, 0x000000070ae00000, 0x000000070ae00000|100%| O|  |TAMS 0x000000070ac00000, 0x000000070ad8ce00| Untracked 
|  10|0x000000070ae00000, 0x000000070af93a00, 0x000000070b000000| 78%| O|  |TAMS 0x000000070ae00000, 0x000000070ae00000| Untracked 
|  11|0x000000070b000000, 0x000000070b000000, 0x000000070b200000|  0%| F|  |TAMS 0x000000070b000000, 0x000000070b000000| Untracked 
|  12|0x000000070b200000, 0x000000070b200000, 0x000000070b400000|  0%| F|  |TAMS 0x000000070b200000, 0x000000070b200000| Untracked 
|  13|0x000000070b400000, 0x000000070b400000, 0x000000070b600000|  0%| F|  |TAMS 0x000000070b400000, 0x000000070b400000| Untracked 
|  14|0x000000070b600000, 0x000000070b600000, 0x000000070b800000|  0%| F|  |TAMS 0x000000070b600000, 0x000000070b600000| Untracked 
|  15|0x000000070b800000, 0x000000070b800000, 0x000000070ba00000|  0%| F|  |TAMS 0x000000070b800000, 0x000000070b800000| Untracked 
|  16|0x000000070ba00000, 0x000000070ba00000, 0x000000070bc00000|  0%| F|  |TAMS 0x000000070ba00000, 0x000000070ba00000| Untracked 
|  17|0x000000070bc00000, 0x000000070bc00000, 0x000000070be00000|  0%| F|  |TAMS 0x000000070bc00000, 0x000000070bc00000| Untracked 
|  18|0x000000070be00000, 0x000000070be00000, 0x000000070c000000|  0%| F|  |TAMS 0x000000070be00000, 0x000000070be00000| Untracked 
|  19|0x000000070c000000, 0x000000070c0d26b8, 0x000000070c200000| 41%| S|CS|TAMS 0x000000070c000000, 0x000000070c000000| Complete 
|  20|0x000000070c200000, 0x000000070c200000, 0x000000070c400000|  0%| F|  |TAMS 0x000000070c200000, 0x000000070c200000| Untracked 
|  21|0x000000070c400000, 0x000000070c400000, 0x000000070c600000|  0%| F|  |TAMS 0x000000070c400000, 0x000000070c400000| Untracked 

Card table byte_map: [0x000001f4eea30000,0x000001f4ef1f0000] _byte_map_base: 0x000001f4eb1e3000

Marking Bits (Prev, Next): (CMBitMap*) 0x000001f4d76c6150, (CMBitMap*) 0x000001f4d76c6110
 Prev Bits: [0x000001f4f3750000, 0x000001f4f74e8000)
 Next Bits: [0x000001f4ef9b0000, 0x000001f4f3748000)

Polling page: 0x000001f4d57e0000

Metaspace:

Usage:
  Non-class:      7.28 MB used.
      Class:    906.56 KB used.
       Both:      8.16 MB used.

Virtual space:
  Non-class space:       64.00 MB reserved,       7.31 MB ( 11%) committed,  1 nodes.
      Class space:        1.00 GB reserved,       1.00 MB ( <1%) committed,  1 nodes.
             Both:        1.06 GB reserved,       8.31 MB ( <1%) committed. 

Chunk freelists:
   Non-Class:  6.38 MB
       Class:  14.97 MB
        Both:  21.34 MB

MaxMetaspaceSize: unlimited
CompressedClassSpaceSize: 1.00 GB
Initial GC threshold: 21.00 MB
Current GC threshold: 21.00 MB
CDS: on
MetaspaceReclaimPolicy: balanced
 - commit_granule_bytes: 65536.
 - commit_granule_words: 8192.
 - virtual_space_node_default_size: 8388608.
 - enlarge_chunks_in_place: 1.
 - new_chunks_are_fully_committed: 0.
 - uncommit_free_chunks: 1.
 - use_allocation_guard: 0.
 - handle_deallocations: 1.


Internal statistics:

num_allocs_failed_limit: 0.
num_arena_births: 50.
num_arena_deaths: 0.
num_vsnodes_births: 2.
num_vsnodes_deaths: 0.
num_space_committed: 133.
num_space_uncommitted: 0.
num_chunks_returned_to_freelist: 0.
num_chunks_taken_from_freelist: 314.
num_chunk_merges: 0.
num_chunk_splits: 229.
num_chunks_enlarged: 183.
num_inconsistent_stats: 0.

CodeHeap 'non-profiled nmethods': size=120000Kb used=906Kb max_used=906Kb free=119093Kb
 bounds [0x000001f4e6a10000, 0x000001f4e6c80000, 0x000001f4edf40000]
CodeHeap 'profiled nmethods': size=120000Kb used=3446Kb max_used=3446Kb free=116553Kb
 bounds [0x000001f4def40000, 0x000001f4df2a0000, 0x000001f4e6470000]
CodeHeap 'non-nmethods': size=5760Kb used=1143Kb max_used=1197Kb free=4616Kb
 bounds [0x000001f4e6470000, 0x000001f4e66e0000, 0x000001f4e6a10000]
 total_blobs=1937 nmethods=1522 adapters=328
 compilation: enabled
              stopped_count=0, restarted_count=0
 full_count=0

Compilation events (20 events):
Event: 1.473 Thread 0x000001f4f99c6b60 nmethod 1537 0x000001f4df296890 code [0x000001f4df296b40, 0x000001f4df297778]
Event: 1.475 Thread 0x000001f4f99ae830 nmethod 1473 0x000001f4e6ae9b10 code [0x000001f4e6ae9d40, 0x000001f4e6aeb4a8]
Event: 1.475 Thread 0x000001f4f99ae830 1532       4       com.sun.tools.javac.parser.JavaTokenizer::scanString (200 bytes)
Event: 1.485 Thread 0x000001f4f99c6b60 1540       3       com.sun.tools.javac.parser.JavacParser::variableDeclaratorId (448 bytes)
Event: 1.487 Thread 0x000001f4f99c6b60 nmethod 1540 0x000001f4df297e10 code [0x000001f4df298220, 0x000001f4df29a808]
Event: 1.489 Thread 0x000001f4f99c7a90 nmethod 1513 0x000001f4e6aec110 code [0x000001f4e6aec460, 0x000001f4e6aee198]
Event: 1.489 Thread 0x000001f4f99c7a90 1539       4       com.sun.tools.javac.parser.JavacParser::term3 (2724 bytes)
Event: 1.502 Thread 0x000001f4f99c6b60 1544       3       com.sun.tools.javac.tree.TreeMaker::If (24 bytes)
Event: 1.502 Thread 0x000001f4f99c6b60 nmethod 1544 0x000001f4df29b490 code [0x000001f4df29b660, 0x000001f4df29ba98]
Event: 1.506 Thread 0x000001f4f99ca310 nmethod 1523 0x000001f4e6aef490 code [0x000001f4e6aef700, 0x000001f4e6af1180]
Event: 1.506 Thread 0x000001f4f99ca310 1533       4       com.sun.tools.javac.parser.UnicodeReader::nextCodePoint (104 bytes)
Event: 1.508 Thread 0x000001f4f99c6b60 1546       3       com.sun.tools.javac.parser.JavacParser::parExpression (47 bytes)
Event: 1.509 Thread 0x000001f4f99ca310 nmethod 1533 0x000001f4e6af2310 code [0x000001f4e6af24e0, 0x000001f4e6af27a0]
Event: 1.509 Thread 0x000001f4f99ca310 1545       4       com.sun.tools.javac.parser.JavacParser::term3Rest (732 bytes)
Event: 1.509 Thread 0x000001f4f99c6b60 nmethod 1546 0x000001f4df29bc10 code [0x000001f4df29be80, 0x000001f4df29c948]
Event: 1.509 Thread 0x000001f4f99c6b60 1547       3       com.sun.tools.javac.parser.JavacParser::checkNoMods (32 bytes)
Event: 1.510 Thread 0x000001f4f99c6b60 nmethod 1547 0x000001f4df29ce10 code [0x000001f4df29cfc0, 0x000001f4df29d228]
Event: 1.510 Thread 0x000001f4f99c6b60 1548       3       com.sun.tools.javac.parser.JavacParser::optFinal (29 bytes)
Event: 1.510 Thread 0x000001f4f99c6b60 nmethod 1548 0x000001f4df29d390 code [0x000001f4df29d560, 0x000001f4df29d7f8]
Event: 1.512 Thread 0x000001f4f99c6b60 1549       3       com.sun.tools.javac.parser.JavacParser::formalParameter (182 bytes)

GC Heap History (20 events):
Event: 0.845 GC heap after
{Heap after GC invocations=10 (full 0):
 garbage-first heap   total 12288K, used 6070K [0x0000000709a00000, 0x0000000800000000)
  region size 2048K, 1 young (2048K), 1 survivors (2048K)
 Metaspace       used 7475K, committed 7616K, reserved 1114112K
  class space    used 858K, committed 896K, reserved 1048576K
}
Event: 0.940 GC heap before
{Heap before GC invocations=10 (full 0):
 garbage-first heap   total 12288K, used 6070K [0x0000000709a00000, 0x0000000800000000)
  region size 2048K, 2 young (4096K), 1 survivors (2048K)
 Metaspace       used 8138K, committed 8320K, reserved 1114112K
  class space    used 899K, committed 1024K, reserved 1048576K
}
Event: 0.942 GC heap after
{Heap after GC invocations=11 (full 0):
 garbage-first heap   total 12288K, used 6361K [0x0000000709a00000, 0x0000000800000000)
  region size 2048K, 1 young (2048K), 1 survivors (2048K)
 Metaspace       used 8138K, committed 8320K, reserved 1114112K
  class space    used 899K, committed 1024K, reserved 1048576K
}
Event: 0.973 GC heap before
{Heap before GC invocations=12 (full 0):
 garbage-first heap   total 18432K, used 8409K [0x0000000709a00000, 0x0000000800000000)
  region size 2048K, 2 young (4096K), 1 survivors (2048K)
 Metaspace       used 8188K, committed 8384K, reserved 1114112K
  class space    used 903K, committed 1024K, reserved 1048576K
}
Event: 0.976 GC heap after
{Heap after GC invocations=13 (full 0):
 garbage-first heap   total 26624K, used 7006K [0x0000000709a00000, 0x0000000800000000)
  region size 2048K, 1 young (2048K), 1 survivors (2048K)
 Metaspace       used 8188K, committed 8384K, reserved 1114112K
  class space    used 903K, committed 1024K, reserved 1048576K
}
Event: 1.042 GC heap before
{Heap before GC invocations=13 (full 0):
 garbage-first heap   total 26624K, used 13150K [0x0000000709a00000, 0x0000000800000000)
  region size 2048K, 4 young (8192K), 1 survivors (2048K)
 Metaspace       used 8267K, committed 8512K, reserved 1114112K
  class space    used 903K, committed 1024K, reserved 1048576K
}
Event: 1.044 GC heap after
{Heap after GC invocations=14 (full 0):
 garbage-first heap   total 26624K, used 8378K [0x0000000709a00000, 0x0000000800000000)
  region size 2048K, 1 young (2048K), 1 survivors (2048K)
 Metaspace       used 8267K, committed 8512K, reserved 1114112K
  class space    used 903K, committed 1024K, reserved 1048576K
}
Event: 1.078 GC heap before
{Heap before GC invocations=14 (full 0):
 garbage-first heap   total 26624K, used 10426K [0x0000000709a00000, 0x0000000800000000)
  region size 2048K, 3 young (6144K), 1 survivors (2048K)
 Metaspace       used 8294K, committed 8512K, reserved 1114112K
  class space    used 904K, committed 1024K, reserved 1048576K
}
Event: 1.081 GC heap after
{Heap after GC invocations=15 (full 0):
 garbage-first heap   total 26624K, used 9115K [0x0000000709a00000, 0x0000000800000000)
  region size 2048K, 1 young (2048K), 1 survivors (2048K)
 Metaspace       used 8294K, committed 8512K, reserved 1114112K
  class space    used 904K, committed 1024K, reserved 1048576K
}
Event: 1.121 GC heap before
{Heap before GC invocations=15 (full 0):
 garbage-first heap   total 26624K, used 13211K [0x0000000709a00000, 0x0000000800000000)
  region size 2048K, 3 young (6144K), 1 survivors (2048K)
 Metaspace       used 8304K, committed 8512K, reserved 1114112K
  class space    used 904K, committed 1024K, reserved 1048576K
}
Event: 1.123 GC heap after
{Heap after GC invocations=16 (full 0):
 garbage-first heap   total 26624K, used 10442K [0x0000000709a00000, 0x0000000800000000)
  region size 2048K, 1 young (2048K), 1 survivors (2048K)
 Metaspace       used 8304K, committed 8512K, reserved 1114112K
  class space    used 904K, committed 1024K, reserved 1048576K
}
Event: 1.147 GC heap before
{Heap before GC invocations=16 (full 0):
 garbage-first heap   total 26624K, used 12490K [0x0000000709a00000, 0x0000000800000000)
  region size 2048K, 3 young (6144K), 1 survivors (2048K)
 Metaspace       used 8307K, committed 8512K, reserved 1114112K
  class space    used 904K, committed 1024K, reserved 1048576K
}
Event: 1.150 GC heap after
{Heap after GC invocations=17 (full 0):
 garbage-first heap   total 45056K, used 11031K [0x0000000709a00000, 0x0000000800000000)
  region size 2048K, 1 young (2048K), 1 survivors (2048K)
 Metaspace       used 8307K, committed 8512K, reserved 1114112K
  class space    used 904K, committed 1024K, reserved 1048576K
}
Event: 1.300 GC heap before
{Heap before GC invocations=17 (full 0):
 garbage-first heap   total 45056K, used 23319K [0x0000000709a00000, 0x0000000800000000)
  region size 2048K, 8 young (16384K), 1 survivors (2048K)
 Metaspace       used 8330K, committed 8512K, reserved 1114112K
  class space    used 906K, committed 1024K, reserved 1048576K
}
Event: 1.305 GC heap after
{Heap after GC invocations=18 (full 0):
 garbage-first heap   total 45056K, used 14057K [0x0000000709a00000, 0x0000000800000000)
  region size 2048K, 1 young (2048K), 1 survivors (2048K)
 Metaspace       used 8330K, committed 8512K, reserved 1114112K
  class space    used 906K, committed 1024K, reserved 1048576K
}
Event: 1.449 GC heap before
{Heap before GC invocations=18 (full 0):
 garbage-first heap   total 45056K, used 28393K [0x0000000709a00000, 0x0000000800000000)
  region size 2048K, 7 young (14336K), 1 survivors (2048K)
 Metaspace       used 8353K, committed 8512K, reserved 1114112K
  class space    used 906K, committed 1024K, reserved 1048576K
}
Event: 1.455 GC heap after
{Heap after GC invocations=19 (full 0):
 garbage-first heap   total 45056K, used 19577K [0x0000000709a00000, 0x0000000800000000)
  region size 2048K, 1 young (2048K), 1 survivors (2048K)
 Metaspace       used 8353K, committed 8512K, reserved 1114112K
  class space    used 906K, committed 1024K, reserved 1048576K
}
Event: 1.494 GC heap before
{Heap before GC invocations=19 (full 0):
 garbage-first heap   total 45056K, used 27769K [0x0000000709a00000, 0x0000000800000000)
  region size 2048K, 5 young (10240K), 1 survivors (2048K)
 Metaspace       used 8356K, committed 8512K, reserved 1114112K
  class space    used 906K, committed 1024K, reserved 1048576K
}
Event: 1.499 GC heap after
{Heap after GC invocations=20 (full 0):
 garbage-first heap   total 45056K, used 22067K [0x0000000709a00000, 0x0000000800000000)
  region size 2048K, 1 young (2048K), 1 survivors (2048K)
 Metaspace       used 8356K, committed 8512K, reserved 1114112K
  class space    used 906K, committed 1024K, reserved 1048576K
}
Event: 1.512 GC heap before
{Heap before GC invocations=20 (full 0):
 garbage-first heap   total 45056K, used 24115K [0x0000000709a00000, 0x0000000800000000)
  region size 2048K, 3 young (6144K), 1 survivors (2048K)
 Metaspace       used 8356K, committed 8512K, reserved 1114112K
  class space    used 906K, committed 1024K, reserved 1048576K
}

Deoptimization events (20 events):
Event: 1.409 Thread 0x000001f4d765b9a0 DEOPT PACKING pc=0x000001f4df26cbd6 sp=0x00000045416feb60
Event: 1.409 Thread 0x000001f4d765b9a0 DEOPT UNPACKING pc=0x000001f4e64c66e3 sp=0x00000045416fe000 mode 0
Event: 1.418 Thread 0x000001f4d765b9a0 DEOPT PACKING pc=0x000001f4df26cbd6 sp=0x00000045416feb60
Event: 1.418 Thread 0x000001f4d765b9a0 DEOPT UNPACKING pc=0x000001f4e64c66e3 sp=0x00000045416fe000 mode 0
Event: 1.418 Thread 0x000001f4d765b9a0 Uncommon trap: trap_request=0xffffff45 fr.pc=0x000001f4e6a3d6d8 relative=0x00000000000001b8
Event: 1.418 Thread 0x000001f4d765b9a0 Uncommon trap: reason=unstable_if action=reinterpret pc=0x000001f4e6a3d6d8 method=java.lang.StringCoding.hasNegatives([BII)Z @ 12 c2
Event: 1.418 Thread 0x000001f4d765b9a0 DEOPT PACKING pc=0x000001f4e6a3d6d8 sp=0x00000045416feb40
Event: 1.418 Thread 0x000001f4d765b9a0 DEOPT UNPACKING pc=0x000001f4e64c5ba3 sp=0x00000045416feb08 mode 2
Event: 1.457 Thread 0x000001f4d765b9a0 Uncommon trap: trap_request=0xffffff45 fr.pc=0x000001f4e6a7a4c4 relative=0x0000000000000124
Event: 1.457 Thread 0x000001f4d765b9a0 Uncommon trap: reason=unstable_if action=reinterpret pc=0x000001f4e6a7a4c4 method=com.sun.tools.javac.parser.UnicodeReader.isASCII()Z @ 6 c2
Event: 1.457 Thread 0x000001f4d765b9a0 DEOPT PACKING pc=0x000001f4e6a7a4c4 sp=0x00000045416fd1d0
Event: 1.457 Thread 0x000001f4d765b9a0 DEOPT UNPACKING pc=0x000001f4e64c5ba3 sp=0x00000045416fd100 mode 2
Event: 1.457 Thread 0x000001f4d765b9a0 Uncommon trap: trap_request=0xffffff45 fr.pc=0x000001f4e6aa8e5c relative=0x000000000000005c
Event: 1.457 Thread 0x000001f4d765b9a0 Uncommon trap: reason=unstable_if action=reinterpret pc=0x000001f4e6aa8e5c method=com.sun.tools.javac.parser.UnicodeReader.isASCII()Z @ 6 c2
Event: 1.457 Thread 0x000001f4d765b9a0 DEOPT PACKING pc=0x000001f4e6aa8e5c sp=0x00000045416fd170
Event: 1.457 Thread 0x000001f4d765b9a0 DEOPT UNPACKING pc=0x000001f4e64c5ba3 sp=0x00000045416fd0f8 mode 2
Event: 1.463 Thread 0x000001f4d765b9a0 Uncommon trap: trap_request=0xffffff45 fr.pc=0x000001f4e6ae597c relative=0x0000000000002d1c
Event: 1.463 Thread 0x000001f4d765b9a0 Uncommon trap: reason=unstable_if action=reinterpret pc=0x000001f4e6ae597c method=com.sun.tools.javac.parser.JavacParser.term3Rest(Lcom/sun/tools/javac/tree/JCTree$JCExpression;Lcom/sun/tools/javac/util/List;)Lcom/sun/tools/javac/tree/JCTree$JCExpression;
Event: 1.463 Thread 0x000001f4d765b9a0 DEOPT PACKING pc=0x000001f4e6ae597c sp=0x00000045416fdbf0
Event: 1.463 Thread 0x000001f4d765b9a0 DEOPT UNPACKING pc=0x000001f4e64c5ba3 sp=0x00000045416fdbc8 mode 2

Classes unloaded (0 events):
No events

Classes redefined (0 events):
No events

Internal exceptions (20 events):
Event: 0.414 Thread 0x000001f4d765b9a0 Exception <a 'sun/nio/fs/WindowsException'{0x000000070a1f20d0}> (0x000000070a1f20d0) 
thrown [s\open\src\hotspot\share\prims\jni.cpp, line 516]
Event: 0.415 Thread 0x000001f4d765b9a0 Exception <a 'sun/nio/fs/WindowsException'{0x000000070a1f2530}> (0x000000070a1f2530) 
thrown [s\open\src\hotspot\share\prims\jni.cpp, line 516]
Event: 0.451 Thread 0x000001f4d765b9a0 Exception <a 'sun/nio/fs/WindowsException'{0x000000070a0bd238}> (0x000000070a0bd238) 
thrown [s\open\src\hotspot\share\prims\jni.cpp, line 516]
Event: 0.451 Thread 0x000001f4d765b9a0 Exception <a 'sun/nio/fs/WindowsException'{0x000000070a0bd698}> (0x000000070a0bd698) 
thrown [s\open\src\hotspot\share\prims\jni.cpp, line 516]
Event: 0.451 Thread 0x000001f4d765b9a0 Exception <a 'sun/nio/fs/WindowsException'{0x000000070a0bdaf8}> (0x000000070a0bdaf8) 
thrown [s\open\src\hotspot\share\prims\jni.cpp, line 516]
Event: 0.521 Thread 0x000001f4d765b9a0 Exception <a 'sun/nio/fs/WindowsException'{0x000000070a067458}> (0x000000070a067458) 
thrown [s\open\src\hotspot\share\prims\jni.cpp, line 516]
Event: 0.521 Thread 0x000001f4d765b9a0 Exception <a 'sun/nio/fs/WindowsException'{0x000000070a067d38}> (0x000000070a067d38) 
thrown [s\open\src\hotspot\share\prims\jni.cpp, line 516]
Event: 0.522 Thread 0x000001f4d765b9a0 Exception <a 'sun/nio/fs/WindowsException'{0x000000070a0686a8}> (0x000000070a0686a8) 
thrown [s\open\src\hotspot\share\prims\jni.cpp, line 516]
Event: 0.522 Thread 0x000001f4d765b9a0 Exception <a 'sun/nio/fs/WindowsException'{0x000000070a069528}> (0x000000070a069528) 
thrown [s\open\src\hotspot\share\prims\jni.cpp, line 516]
Event: 0.522 Thread 0x000001f4d765b9a0 Exception <a 'sun/nio/fs/WindowsException'{0x000000070a069928}> (0x000000070a069928) 
thrown [s\open\src\hotspot\share\prims\jni.cpp, line 516]
Event: 0.524 Thread 0x000001f4d765b9a0 Exception <a 'sun/nio/fs/WindowsException'{0x000000070a06bc90}> (0x000000070a06bc90) 
thrown [s\open\src\hotspot\share\prims\jni.cpp, line 516]
Event: 0.524 Thread 0x000001f4d765b9a0 Exception <a 'sun/nio/fs/WindowsException'{0x000000070a06bec0}> (0x000000070a06bec0) 
thrown [s\open\src\hotspot\share\prims\jni.cpp, line 516]
Event: 0.532 Thread 0x000001f4d765b9a0 Exception <a 'java/lang/NoSuchMethodError'{0x000000070a0beeb0}: 'int java.lang.invoke.DirectMethodHandle$Holder.invokeVirtual(java.lang.Object, java.lang.Object, java.lang.Object)'> (0x000000070a0beeb0) 
thrown [s\open\src\hotspot\share\interpreter\linkResolver.cpp, line 759]
Event: 0.533 Thread 0x000001f4d765b9a0 Exception <a 'java/lang/NoSuchMethodError'{0x000000070a0c5860}: 'void java.lang.invoke.DirectMethodHandle$Holder.invokeInterface(java.lang.Object, java.lang.Object, java.lang.Object)'> (0x000000070a0c5860) 
thrown [s\open\src\hotspot\share\interpreter\linkResolver.cpp, line 759]
Event: 0.583 Thread 0x000001f4d765b9a0 Exception <a 'java/lang/NoSuchMethodError'{0x000000070a1d5a10}: 'int java.lang.invoke.DirectMethodHandle$Holder.invokeStaticInit(java.lang.Object, java.lang.Object)'> (0x000000070a1d5a10) 
thrown [s\open\src\hotspot\share\interpreter\linkResolver.cpp, line 759]
Event: 0.619 Thread 0x000001f4d765b9a0 Exception <a 'java/lang/NoSuchMethodError'{0x000000070a0727a8}: 'int java.lang.invoke.DirectMethodHandle$Holder.invokeVirtual(java.lang.Object, java.lang.Object)'> (0x000000070a0727a8) 
thrown [s\open\src\hotspot\share\interpreter\linkResolver.cpp, line 759]
Event: 0.623 Thread 0x000001f4d765b9a0 Exception <a 'java/lang/NoSuchMethodError'{0x000000070a09a450}: 'java.lang.Object java.lang.invoke.DirectMethodHandle$Holder.newInvokeSpecial(java.lang.Object, java.lang.Object, java.lang.Object, java.lang.Object, java.lang.Object)'> (0x000000070a09a450) 
thrown [s\open\src\hotspot\share\interpreter\linkResolver.cpp, line 759]
Event: 0.624 Thread 0x000001f4d765b9a0 Exception <a 'java/lang/NoSuchMethodError'{0x000000070a0a8ba8}: 'java.lang.Object java.lang.invoke.DirectMethodHandle$Holder.newInvokeSpecial(java.lang.Object, java.lang.Object, java.lang.Object, java.lang.Object, java.lang.Object, java.lang.Object)'> (0x000000070a0a8ba8) 
thrown [s\open\src\hotspot\share\interpreter\linkResolver.cpp, line 759]
Event: 0.636 Thread 0x000001f4d765b9a0 Exception <a 'java/lang/NoSuchMethodError'{0x000000070a0efbc0}: 'java.lang.Object java.lang.invoke.DirectMethodHandle$Holder.invokeStaticInit(java.lang.Object)'> (0x000000070a0efbc0) 
thrown [s\open\src\hotspot\share\interpreter\linkResolver.cpp, line 759]
Event: 1.183 Thread 0x000001f4d765b9a0 Implicit null exception at 0x000001f4e6a9aa8f to 0x000001f4e6a996a0

VM Operations (20 events):
Event: 0.949 Executing VM operation: G1Concurrent done
Event: 0.973 Executing VM operation: G1CollectForAllocation
Event: 0.976 Executing VM operation: G1CollectForAllocation done
Event: 1.041 Executing VM operation: G1CollectForAllocation
Event: 1.044 Executing VM operation: G1CollectForAllocation done
Event: 1.075 Executing VM operation: HandshakeAllThreads
Event: 1.075 Executing VM operation: HandshakeAllThreads done
Event: 1.078 Executing VM operation: G1CollectForAllocation
Event: 1.081 Executing VM operation: G1CollectForAllocation done
Event: 1.121 Executing VM operation: G1CollectForAllocation
Event: 1.123 Executing VM operation: G1CollectForAllocation done
Event: 1.147 Executing VM operation: G1CollectForAllocation
Event: 1.150 Executing VM operation: G1CollectForAllocation done
Event: 1.300 Executing VM operation: G1CollectForAllocation
Event: 1.305 Executing VM operation: G1CollectForAllocation done
Event: 1.449 Executing VM operation: G1CollectForAllocation
Event: 1.455 Executing VM operation: G1CollectForAllocation done
Event: 1.494 Executing VM operation: G1CollectForAllocation
Event: 1.499 Executing VM operation: G1CollectForAllocation done
Event: 1.512 Executing VM operation: G1TryInitiateConcMark

Events (20 events):
Event: 0.657 loading class java/net/URLClassLoader$3
Event: 0.657 loading class java/net/URLClassLoader$3 done
Event: 0.657 loading class java/net/URLClassLoader$3$1
Event: 0.657 loading class java/net/URLClassLoader$3$1 done
Event: 0.744 loading class java/util/Vector
Event: 0.744 loading class java/util/Vector done
Event: 0.759 loading class jdk/internal/loader/URLClassPath$FileLoader
Event: 0.759 loading class jdk/internal/loader/URLClassPath$FileLoader done
Event: 0.890 loading class java/util/ServiceConfigurationError
Event: 0.891 loading class java/util/ServiceConfigurationError done
Event: 0.891 loading class java/lang/UnsupportedClassVersionError
Event: 0.891 loading class java/lang/ClassFormatError
Event: 0.891 loading class java/lang/ClassFormatError done
Event: 0.891 loading class java/lang/UnsupportedClassVersionError done
Event: 0.898 Thread 0x000001f4f99c84b0 Thread exited: 0x000001f4f99c84b0
Event: 0.898 Thread 0x000001f4f99c7fa0 Thread exited: 0x000001f4f99c7fa0
Event: 0.914 Thread 0x000001f4f99ca310 Thread added: 0x000001f4f99ca310
Event: 0.959 Thread 0x000001f4f99c7a90 Thread added: 0x000001f4f99c7a90
Event: 1.075 loading class jdk/internal/math/FloatingDecimal$ASCIIToBinaryBuffer
Event: 1.075 loading class jdk/internal/math/FloatingDecimal$ASCIIToBinaryBuffer done


Dynamic libraries:
0x00007ff6bedd0000 - 0x00007ff6bedd8000 	C:\Program Files\Java\jdk-17\bin\javac.exe
0x00007ff9b5660000 - 0x00007ff9b58c8000 	C:\WINDOWS\SYSTEM32\ntdll.dll
0x00007ff9b4650000 - 0x00007ff9b4719000 	C:\WINDOWS\System32\KERNEL32.DLL
0x00007ff9b27f0000 - 0x00007ff9b2be2000 	C:\WINDOWS\System32\KERNELBASE.dll
0x00007ff9b2cb0000 - 0x00007ff9b2dfb000 	C:\WINDOWS\System32\ucrtbase.dll
0x00007ff993720000 - 0x00007ff993739000 	C:\Program Files\Java\jdk-17\bin\jli.dll
0x00007ff9936f0000 - 0x00007ff99370b000 	C:\Program Files\Java\jdk-17\bin\VCRUNTIME140.dll
0x00007ff9b3430000 - 0x00007ff9b34e4000 	C:\WINDOWS\System32\ADVAPI32.dll
0x00007ff9b4140000 - 0x00007ff9b41e9000 	C:\WINDOWS\System32\msvcrt.dll
0x00007ff9b3a20000 - 0x00007ff9b3ac6000 	C:\WINDOWS\System32\sechost.dll
0x00007ff9b5320000 - 0x00007ff9b5438000 	C:\WINDOWS\System32\RPCRT4.dll
0x00007ff9b3570000 - 0x00007ff9b3735000 	C:\WINDOWS\System32\USER32.dll
0x00007ff9b2eb0000 - 0x00007ff9b2ed7000 	C:\WINDOWS\System32\win32u.dll
0x00007ff9b5280000 - 0x00007ff9b52ab000 	C:\WINDOWS\System32\GDI32.dll
0x00007ff9b3300000 - 0x00007ff9b342d000 	C:\WINDOWS\System32\gdi32full.dll
0x00007ff9b2e00000 - 0x00007ff9b2ea3000 	C:\WINDOWS\System32\msvcp_win.dll
0x00007ff995230000 - 0x00007ff9954c3000 	C:\WINDOWS\WinSxS\amd64_microsoft.windows.common-controls_6595b64144ccf1df_6.0.26100.6899_none_3e0efeeae32e88c1\COMCTL32.dll
0x00007ff99d8d0000 - 0x00007ff99d8db000 	C:\WINDOWS\SYSTEM32\VERSION.dll
0x00007ff9b50a0000 - 0x00007ff9b50cf000 	C:\WINDOWS\System32\IMM32.DLL
0x00007ff9b24d0000 - 0x00007ff9b2625000 	C:\Program Files\Avecto\Privilege Guard Client\PGHook.dll
0x00007ff993fa0000 - 0x00007ff993fac000 	C:\Program Files\Java\jdk-17\bin\vcruntime140_1.dll
0x00007ff950f00000 - 0x00007ff950f8e000 	C:\Program Files\Java\jdk-17\bin\msvcp140.dll
0x00007ff8d1240000 - 0x00007ff8d1e21000 	C:\Program Files\Java\jdk-17\bin\server\jvm.dll
0x00007ff9b3740000 - 0x00007ff9b3748000 	C:\WINDOWS\System32\PSAPI.DLL
0x00007ff98c210000 - 0x00007ff98c21a000 	C:\WINDOWS\SYSTEM32\WSOCK32.dll
0x00007ff9b39a0000 - 0x00007ff9b3a14000 	C:\WINDOWS\System32\WS2_32.dll
0x00007ff9a5320000 - 0x00007ff9a5355000 	C:\WINDOWS\SYSTEM32\WINMM.dll
0x00007ff9b12f0000 - 0x00007ff9b130b000 	C:\WINDOWS\SYSTEM32\kernel.appcore.dll
0x00007ff9924d0000 - 0x00007ff9924da000 	C:\Program Files\Java\jdk-17\bin\jimage.dll
0x00007ff9af9a0000 - 0x00007ff9afbe2000 	C:\WINDOWS\SYSTEM32\DBGHELP.DLL
0x00007ff9b41f0000 - 0x00007ff9b456b000 	C:\WINDOWS\System32\combase.dll
0x00007ff9b4570000 - 0x00007ff9b4647000 	C:\WINDOWS\System32\OLEAUT32.dll
0x00007ff990820000 - 0x00007ff99085c000 	C:\WINDOWS\SYSTEM32\dbgcore.DLL
0x00007ff9b2ee0000 - 0x00007ff9b2f78000 	C:\WINDOWS\System32\bcryptPrimitives.dll
0x00007ff97b180000 - 0x00007ff97b1a5000 	C:\Program Files\Java\jdk-17\bin\java.dll
0x00007ff958f00000 - 0x00007ff958fd7000 	C:\Program Files\Java\jdk-17\bin\jsvml.dll
0x00007ff9b4740000 - 0x00007ff9b4e8d000 	C:\WINDOWS\System32\SHELL32.dll
0x00007ff9b3010000 - 0x00007ff9b317b000 	C:\WINDOWS\System32\wintypes.dll
0x00007ff9b00b0000 - 0x00007ff9b090d000 	C:\WINDOWS\SYSTEM32\windows.storage.dll
0x00007ff9b50e0000 - 0x00007ff9b51d2000 	C:\WINDOWS\System32\SHCORE.dll
0x00007ff9b52b0000 - 0x00007ff9b5312000 	C:\WINDOWS\System32\shlwapi.dll
0x00007ff9b2710000 - 0x00007ff9b2739000 	C:\WINDOWS\SYSTEM32\profapi.dll
0x00007ff9923f0000 - 0x00007ff992409000 	C:\Program Files\Java\jdk-17\bin\net.dll
0x00007ff9b1310000 - 0x00007ff9b142f000 	C:\WINDOWS\SYSTEM32\WINHTTP.dll
0x00007ff9b1970000 - 0x00007ff9b19db000 	C:\WINDOWS\system32\mswsock.dll
0x00007ff97c6c0000 - 0x00007ff97c6d6000 	C:\Program Files\Java\jdk-17\bin\nio.dll
0x00007ff97b860000 - 0x00007ff97b878000 	C:\Program Files\Java\jdk-17\bin\zip.dll

dbghelp: loaded successfully - version: 4.0.5 - missing functions: none
symbol engine: initialized successfully - sym options: 0x614 - pdb path: .;C:\Program Files\Java\jdk-17\bin;C:\WINDOWS\SYSTEM32;C:\WINDOWS\WinSxS\amd64_microsoft.windows.common-controls_6595b64144ccf1df_6.0.26100.6899_none_3e0efeeae32e88c1;C:\Program Files\Avecto\Privilege Guard Client;C:\Program Files\Java\jdk-17\bin\server

VM Arguments:
jvm_args: -Dapplication.home=C:\Program Files\Java\jdk-17 --add-modules=ALL-DEFAULT -Xms8m -Djdk.module.main=jdk.compiler 
java_command: jdk.compiler/com.sun.tools.javac.Main @C:\Users\ranshaw\AppData\Local\Temp\files12392572987159274038
java_class_path (initial): <not set>
Launcher Type: SUN_STANDARD

[Global flags]
     intx CICompilerCount                          = 4                                         {product} {ergonomic}
     uint ConcGCThreads                            = 2                                         {product} {ergonomic}
     uint G1ConcRefinementThreads                  = 8                                         {product} {ergonomic}
   size_t G1HeapRegionSize                         = 2097152                                   {product} {ergonomic}
    uintx GCDrainStackTargetSize                   = 64                                        {product} {ergonomic}
   size_t InitialHeapSize                          = 8388608                                   {product} {command line}
   size_t MarkStackSize                            = 4194304                                   {product} {ergonomic}
   size_t MaxHeapSize                              = 4133486592                                {product} {ergonomic}
   size_t MaxNewSize                               = 2478833664                                {product} {ergonomic}
   size_t MinHeapDeltaBytes                        = 2097152                                   {product} {ergonomic}
   size_t MinHeapSize                              = 8388608                                   {product} {command line}
    uintx NonNMethodCodeHeapSize                   = 5839372                                {pd product} {ergonomic}
    uintx NonProfiledCodeHeapSize                  = 122909434                              {pd product} {ergonomic}
    uintx ProfiledCodeHeapSize                     = 122909434                              {pd product} {ergonomic}
    uintx ReservedCodeCacheSize                    = 251658240                              {pd product} {ergonomic}
     bool SegmentedCodeCache                       = true                                      {product} {ergonomic}
   size_t SoftMaxHeapSize                          = 4133486592                             {manageable} {ergonomic}
     bool UseCompressedClassPointers               = true                           {product lp64_product} {ergonomic}
     bool UseCompressedOops                        = true                           {product lp64_product} {ergonomic}
     bool UseG1GC                                  = true                                      {product} {ergonomic}
     bool UseLargePagesIndividualAllocation        = false                                  {pd product} {ergonomic}

Logging:
Log output configuration:
 #0: stdout all=warning uptime,level,tags
 #1: stderr all=off uptime,level,tags

Environment Variables:
JAVA_HOME=C:\Program Files\Java\jdk-17
PATH=C:\Program Files\Common Files\Oracle\Java\javapath;C:\Program Files\OpenLogic\jre-17.0.5.8-hotspot\bin;C:\Program Files\Java\jdk-17\bin;C:\WINDOWS\system32;C:\WINDOWS;C:\WINDOWS\System32\Wbem;C:\WINDOWS\System32\WindowsPowerShell\v1.0\;C:\WINDOWS\System32\OpenSSH\;C:\Program Files\dotnet\;C:\Program Files\TortoiseGit\bin;C:\Program Files\Redis;C:\Program Files\PuTTY\;C:\Program Files\Amazon\AWSCLIV2\;C:\Program Files\nodejs\;C:\Program Files\Git\cmd;C:\Program Files (x86)\dotnet-core-uninstall\;C:\Program Files\Microsoft VS Code\bin;C:\Program Files\MySQL\MySQL Shell 8.0\bin\;C:\Users\ranshaw\AppData\Local\Microsoft\WindowsApps;C:\Program Files\Redis;C:\Users\ranshaw\AppData\Local\Programs\Microsoft VS Code\bin;C:\Users\ranshaw\AppData\Roaming\npm;C:\Program Files\Java\jdk-17\bin;C:\Users\ranshaw\Downloads\sonar-scanner-cli-6.2.1.4610-windows-x64\sonar-scanner-6.2.1.4610-windows-x64\bin;
USERNAME=ranshaw
OS=Windows_NT
PROCESSOR_IDENTIFIER=Intel64 Family 6 Model 140 Stepping 1, GenuineIntel



---------------  S Y S T E M  ---------------

OS:
 Windows 11 , 64 bit Build 26100 (10.0.26100.6725)
OS uptime: 1 days 5:48 hours
Hyper-V role detected

CPU: total 8 (initial active 8) (4 cores per cpu, 2 threads per core) family 6 model 140 stepping 1 microcode 0xbc, cx8, cmov, fxsr, ht, mmx, 3dnowpref, sse, sse2, sse3, ssse3, sse4.1, sse4.2, popcnt, lzcnt, tsc, tscinvbit, avx, avx2, aes, erms, clmul, bmi1, bmi2, adx, avx512f, avx512dq, avx512cd, avx512bw, avx512vl, sha, fma, vzeroupper, avx512_vpopcntdq, avx512_vpclmulqdq, avx512_vaes, avx512_vnni, clflush, clflushopt, clwb, avx512_vbmi2, avx512_vbmi, hv

Memory: 4k page, system-wide physical 15761M (2380M free)
TotalPageFile size 45889M (AvailPageFile size 54M)
current process WorkingSet (physical memory assigned to process): 142M, peak: 144M
current process commit charge ("private bytes"): 174M, peak: 210M

vm_info: Java HotSpot(TM) 64-Bit Server VM (17.0.16+12-LTS-247) for windows-amd64 JRE (17.0.16+12-LTS-247), built on Jun 27 2025 10:11:42 by "mach5one" with MS VC++ 17.6 (VS2022)

END.
